mode: set
github.com/scottstg/yolo/victron/macos/backend.go:25.30,27.2 1 0
github.com/scottstg/yolo/victron/macos/backend.go:29.38,30.19 1 0
github.com/scottstg/yolo/victron/macos/backend.go:30.19,32.3 1 0
github.com/scottstg/yolo/victron/macos/backend.go:33.2,35.12 3 0
github.com/scottstg/yolo/victron/macos/backend.go:38.33,41.2 2 0
github.com/scottstg/yolo/victron/macos/backend.go:43.108,44.20 1 0
github.com/scottstg/yolo/victron/macos/backend.go:44.20,46.3 1 0
github.com/scottstg/yolo/victron/macos/backend.go:48.2,53.12 4 0
github.com/scottstg/yolo/victron/macos/backend.go:53.12,55.59 2 0
github.com/scottstg/yolo/victron/macos/backend.go:55.59,60.28 2 0
github.com/scottstg/yolo/victron/macos/backend.go:60.28,62.5 1 0
github.com/scottstg/yolo/victron/macos/backend.go:63.4,63.23 1 0
github.com/scottstg/yolo/victron/macos/backend.go:65.3,65.17 1 0
github.com/scottstg/yolo/victron/macos/backend.go:65.17,67.4 1 0
github.com/scottstg/yolo/victron/macos/backend.go:70.2,71.6 2 0
github.com/scottstg/yolo/victron/macos/backend.go:71.6,72.10 1 0
github.com/scottstg/yolo/victron/macos/backend.go:73.31,74.11 1 0
github.com/scottstg/yolo/victron/macos/backend.go:74.11,76.5 1 0
github.com/scottstg/yolo/victron/macos/backend.go:77.4,79.21 3 0
github.com/scottstg/yolo/victron/macos/backend.go:79.21,81.5 1 0
github.com/scottstg/yolo/victron/macos/backend.go:82.4,82.17 1 0
github.com/scottstg/yolo/victron/macos/backend.go:83.18,85.23 2 0
github.com/scottstg/yolo/victron/macos/backend.go:86.21,87.29 1 0
github.com/scottstg/yolo/victron/macos/backend.go:92.50,95.37 3 0
github.com/scottstg/yolo/victron/macos/backend.go:95.37,96.36 1 0
github.com/scottstg/yolo/victron/macos/backend.go:96.36,98.4 1 0
github.com/scottstg/yolo/victron/macos/backend.go:100.2,100.14 1 0
github.com/scottstg/yolo/victron/macos/backend.go:111.42,111.62 1 0
github.com/scottstg/yolo/victron/macos/backend.go:113.39,113.56 1 0
github.com/scottstg/yolo/victron/macos/backend.go:115.44,116.21 1 0
github.com/scottstg/yolo/victron/macos/backend.go:116.21,118.3 1 0
github.com/scottstg/yolo/victron/macos/backend.go:119.2,119.9 1 0
github.com/scottstg/yolo/victron/macos/backend.go:120.33,121.15 1 0
github.com/scottstg/yolo/victron/macos/backend.go:122.10,123.14 1 0
github.com/scottstg/yolo/victron/macos/backend.go:127.39,128.21 1 0
github.com/scottstg/yolo/victron/macos/backend.go:128.21,130.3 1 0
github.com/scottstg/yolo/victron/macos/backend.go:131.2,131.12 1 0
github.com/scottstg/yolo/victron/macos/backend.go:135.103,137.16 2 0
github.com/scottstg/yolo/victron/macos/backend.go:137.16,139.3 1 0
github.com/scottstg/yolo/victron/macos/backend.go:142.2,143.23 2 0
github.com/scottstg/yolo/victron/macos/backend.go:143.23,144.43 1 0
github.com/scottstg/yolo/victron/macos/backend.go:144.43,146.4 1 0
github.com/scottstg/yolo/victron/macos/backend.go:150.2,150.21 1 0
github.com/scottstg/yolo/victron/macos/backend.go:150.21,151.35 1 0
github.com/scottstg/yolo/victron/macos/backend.go:151.35,152.51 1 0
github.com/scottstg/yolo/victron/macos/backend.go:152.51,153.13 1 0
github.com/scottstg/yolo/victron/macos/backend.go:155.4,156.46 2 0
github.com/scottstg/yolo/victron/macos/backend.go:156.46,158.5 1 0
github.com/scottstg/yolo/victron/macos/backend.go:162.2,162.66 1 0
github.com/scottstg/yolo/victron/macos/backend.go:165.83,166.21 1 0
github.com/scottstg/yolo/victron/macos/backend.go:166.21,168.3 1 0
github.com/scottstg/yolo/victron/macos/backend.go:169.2,170.16 2 0
github.com/scottstg/yolo/victron/macos/backend.go:170.16,172.3 1 0
github.com/scottstg/yolo/victron/macos/backend.go:173.2,174.16 2 0
github.com/scottstg/yolo/victron/macos/backend.go:174.16,176.3 1 0
github.com/scottstg/yolo/victron/macos/backend.go:177.2,177.19 1 0
github.com/scottstg/yolo/victron/macos/backend.go:180.87,181.21 1 0
github.com/scottstg/yolo/victron/macos/backend.go:181.21,183.3 1 0
github.com/scottstg/yolo/victron/macos/backend.go:184.2,185.16 2 0
github.com/scottstg/yolo/victron/macos/backend.go:185.16,187.3 1 0
github.com/scottstg/yolo/victron/macos/backend.go:188.2,189.16 2 0
github.com/scottstg/yolo/victron/macos/backend.go:189.16,191.3 1 0
github.com/scottstg/yolo/victron/macos/backend.go:192.2,192.12 1 0
github.com/scottstg/yolo/victron/macos/backend.go:195.105,196.21 1 0
github.com/scottstg/yolo/victron/macos/backend.go:196.21,198.3 1 0
github.com/scottstg/yolo/victron/macos/backend.go:199.2,200.16 2 0
github.com/scottstg/yolo/victron/macos/backend.go:200.16,202.3 1 0
github.com/scottstg/yolo/victron/macos/backend.go:203.2,204.62 2 0
github.com/scottstg/yolo/victron/macos/backend.go:204.62,205.10 1 0
github.com/scottstg/yolo/victron/macos/backend.go:206.20,206.20 0 0
github.com/scottstg/yolo/victron/macos/backend.go:207.11,207.11 0 0
github.com/scottstg/yolo/victron/macos/backend.go:210.2,210.16 1 0
github.com/scottstg/yolo/victron/macos/backend.go:210.16,212.3 1 0
github.com/scottstg/yolo/victron/macos/backend.go:213.2,213.16 1 0
github.com/scottstg/yolo/victron/macos/backend.go:216.92,217.21 1 0
github.com/scottstg/yolo/victron/macos/backend.go:217.21,219.3 1 0
github.com/scottstg/yolo/victron/macos/backend.go:220.2,221.16 2 0
github.com/scottstg/yolo/victron/macos/backend.go:221.16,223.3 1 0
github.com/scottstg/yolo/victron/macos/backend.go:224.2,224.45 1 0
github.com/scottstg/yolo/victron/macos/backend.go:227.74,228.20 1 0
github.com/scottstg/yolo/victron/macos/backend.go:228.20,230.3 1 0
github.com/scottstg/yolo/victron/macos/backend.go:231.2,239.26 6 0
github.com/scottstg/yolo/victron/macos/backend.go:239.26,240.26 1 0
github.com/scottstg/yolo/victron/macos/backend.go:240.26,242.4 1 0
github.com/scottstg/yolo/victron/macos/backend.go:243.3,245.46 1 0
github.com/scottstg/yolo/victron/macos/backend.go:246.8,248.3 1 0
github.com/scottstg/yolo/victron/macos/backend.go:250.2,251.16 2 0
github.com/scottstg/yolo/victron/macos/backend.go:251.16,253.3 1 0
github.com/scottstg/yolo/victron/macos/backend.go:255.2,264.18 3 0
github.com/scottstg/yolo/victron/macos/backend.go:267.94,269.29 2 0
github.com/scottstg/yolo/victron/macos/backend.go:269.29,271.3 1 0
github.com/scottstg/yolo/victron/macos/backend.go:273.2,274.16 2 0
github.com/scottstg/yolo/victron/macos/backend.go:274.16,276.3 1 0
github.com/scottstg/yolo/victron/macos/backend.go:278.2,281.31 3 0
github.com/scottstg/yolo/victron/macos/backend.go:281.31,291.91 4 0
github.com/scottstg/yolo/victron/macos/backend.go:291.91,293.4 1 0
github.com/scottstg/yolo/victron/macos/backend.go:295.3,295.56 1 0
github.com/scottstg/yolo/victron/macos/backend.go:298.2,299.29 2 0
github.com/scottstg/yolo/victron/macos/backend.go:302.108,306.2 1 0
github.com/scottstg/yolo/victron/macos/backend.go:308.50,311.2 2 0
github.com/scottstg/yolo/victron/macos/init.go:10.13,12.63 1 0
github.com/scottstg/yolo/victron/macos/init.go:12.63,14.3 1 0
github.com/scottstg/yolo/victron/examples/basic.go:11.13,19.16 4 0
github.com/scottstg/yolo/victron/examples/basic.go:19.16,22.3 2 0
github.com/scottstg/yolo/victron/examples/basic.go:24.2,24.23 1 0
github.com/scottstg/yolo/victron/examples/basic.go:24.23,27.3 2 0
github.com/scottstg/yolo/victron/examples/basic.go:29.2,30.33 2 0
github.com/scottstg/yolo/victron/examples/basic.go:30.33,33.3 1 0
github.com/scottstg/yolo/victron/examples/basic.go:36.2,36.22 1 0
github.com/scottstg/yolo/victron/examples/basic.go:36.22,42.17 4 0
github.com/scottstg/yolo/victron/examples/basic.go:42.17,45.4 2 0
github.com/scottstg/yolo/victron/examples/basic.go:48.3,49.17 2 0
github.com/scottstg/yolo/victron/examples/basic.go:49.17,52.4 2 0
github.com/scottstg/yolo/victron/examples/basic.go:54.3,64.7 5 0
github.com/scottstg/yolo/victron/examples/basic.go:64.7,65.11 1 0
github.com/scottstg/yolo/victron/examples/basic.go:66.28,69.20 2 0
github.com/scottstg/yolo/victron/examples/basic.go:69.20,73.6 1 0
github.com/scottstg/yolo/victron/examples/basic.go:73.11,77.6 1 0
github.com/scottstg/yolo/victron/examples/basic.go:79.16,81.11 2 0
github.com/scottstg/yolo/email/email.go:33.55,34.38 1 1
github.com/scottstg/yolo/email/email.go:34.38,36.3 1 1
github.com/scottstg/yolo/email/email.go:37.2,37.21 1 1
github.com/scottstg/yolo/email/email.go:56.30,62.2 1 1
github.com/scottstg/yolo/email/email.go:66.42,68.16 2 1
github.com/scottstg/yolo/email/email.go:68.16,70.3 1 1
github.com/scottstg/yolo/email/email.go:71.2,71.12 1 1
github.com/scottstg/yolo/email/email.go:80.34,82.2 1 1
github.com/scottstg/yolo/email/email.go:85.54,86.22 1 1
github.com/scottstg/yolo/email/email.go:86.22,88.3 1 1
github.com/scottstg/yolo/email/email.go:90.2,90.41 1 1
github.com/scottstg/yolo/email/email.go:90.41,92.3 1 1
github.com/scottstg/yolo/email/email.go:94.2,94.12 1 1
github.com/scottstg/yolo/email/email.go:98.43,100.47 1 1
github.com/scottstg/yolo/email/email.go:100.47,102.3 1 0
github.com/scottstg/yolo/email/email.go:104.2,104.26 1 1
github.com/scottstg/yolo/email/email.go:104.26,106.3 1 0
github.com/scottstg/yolo/email/email.go:108.2,108.68 1 1
github.com/scottstg/yolo/email/email.go:112.54,115.30 2 0
github.com/scottstg/yolo/email/email.go:115.30,118.3 1 0
github.com/scottstg/yolo/email/email.go:118.8,128.3 8 0
github.com/scottstg/yolo/email/email.go:131.2,136.16 5 0
github.com/scottstg/yolo/email/email.go:136.16,141.3 2 0
github.com/scottstg/yolo/email/email.go:143.2,143.12 1 0
github.com/scottstg/yolo/email/email.go:147.67,173.38 18 1
github.com/scottstg/yolo/email/email.go:173.38,182.41 7 1
github.com/scottstg/yolo/email/email.go:182.41,184.26 2 1
github.com/scottstg/yolo/email/email.go:184.26,186.5 1 1
github.com/scottstg/yolo/email/email.go:187.4,187.44 1 1
github.com/scottstg/yolo/email/email.go:189.3,189.26 1 1
github.com/scottstg/yolo/email/email.go:193.2,195.12 2 1
github.com/scottstg/yolo/email/email.go:199.47,205.2 4 1
github.com/scottstg/yolo/email/email.go:208.30,211.16 3 1
github.com/scottstg/yolo/email/email.go:211.16,213.3 1 1
github.com/scottstg/yolo/email/email.go:214.2,214.42 1 1
github.com/scottstg/yolo/victron/cmd/victron-read/main.go:14.13,15.22 1 0
github.com/scottstg/yolo/victron/cmd/victron-read/main.go:15.22,21.3 5 0
github.com/scottstg/yolo/victron/cmd/victron-read/main.go:24.2,24.52 1 0
github.com/scottstg/yolo/victron/cmd/victron-read/main.go:24.52,26.3 1 0
github.com/scottstg/yolo/victron/cmd/victron-read/main.go:28.2,35.23 5 0
github.com/scottstg/yolo/victron/cmd/victron-read/main.go:35.23,39.3 2 0
github.com/scottstg/yolo/victron/cmd/victron-read/main.go:39.8,44.17 3 0
github.com/scottstg/yolo/victron/cmd/victron-read/main.go:44.17,46.4 1 0
github.com/scottstg/yolo/victron/cmd/victron-read/main.go:48.3,49.31 2 0
github.com/scottstg/yolo/victron/cmd/victron-read/main.go:49.31,52.4 2 0
github.com/scottstg/yolo/victron/cmd/victron-read/main.go:54.3,55.41 2 0
github.com/scottstg/yolo/victron/cmd/victron-read/main.go:55.41,57.4 1 0
github.com/scottstg/yolo/victron/cmd/victron-read/main.go:59.3,59.31 1 0
github.com/scottstg/yolo/victron/cmd/victron-read/main.go:59.31,62.4 1 0
github.com/scottstg/yolo/victron/cmd/victron-read/main.go:62.9,65.93 3 0
github.com/scottstg/yolo/victron/cmd/victron-read/main.go:65.93,67.5 1 0
github.com/scottstg/yolo/victron/cmd/victron-read/main.go:68.4,68.61 1 0
github.com/scottstg/yolo/victron/cmd/victron-read/main.go:72.2,73.29 2 0
github.com/scottstg/yolo/victron/cmd/victron-read/main.go:77.94,79.28 2 1
github.com/scottstg/yolo/victron/cmd/victron-read/main.go:79.28,80.18 1 1
github.com/scottstg/yolo/victron/cmd/victron-read/main.go:80.18,82.4 1 1
github.com/scottstg/yolo/victron/cmd/victron-read/main.go:84.2,84.17 1 1
github.com/scottstg/yolo/victron/cmd/victron-read/main.go:88.58,92.16 3 0
github.com/scottstg/yolo/victron/cmd/victron-read/main.go:92.16,94.3 1 0
github.com/scottstg/yolo/victron/cmd/victron-read/main.go:95.2,97.41 2 0
github.com/scottstg/yolo/victron/cmd/victron-read/main.go:97.41,99.3 1 0
github.com/scottstg/yolo/victron/cmd/victron-read/main.go:101.2,101.67 1 0
github.com/scottstg/yolo/victron/cmd/victron-read/main.go:101.67,103.3 1 0
github.com/scottstg/yolo/victron/cmd/victron-read/main.go:105.2,117.40 8 0
github.com/scottstg/yolo/victron/cmd/victron-read/main.go:117.40,119.3 1 0
github.com/scottstg/yolo/victron/cmd/victron-read/main.go:121.2,122.6 2 0
github.com/scottstg/yolo/victron/cmd/victron-read/main.go:122.6,123.10 1 0
github.com/scottstg/yolo/victron/cmd/victron-read/main.go:124.15,126.10 2 0
github.com/scottstg/yolo/victron/cmd/victron-read/main.go:127.46,129.29 2 0
github.com/scottstg/yolo/victron/cmd/victron-read/main.go:135.53,143.4 3 1
github.com/scottstg/yolo/victron/cmd/victron-read/main.go:143.4,144.41 1 1
github.com/scottstg/yolo/victron/cmd/victron-read/main.go:144.41,146.26 2 1
github.com/scottstg/yolo/victron/cmd/victron-read/main.go:146.26,148.5 1 0
github.com/scottstg/yolo/victron/cmd/victron-read/main.go:149.4,149.66 1 1
github.com/scottstg/yolo/victron/cmd/victron-read/main.go:152.2,152.17 1 1
github.com/scottstg/yolo/victron/cmd/victron-read/main.go:156.57,162.16 5 1
github.com/scottstg/yolo/victron/cmd/victron-read/main.go:162.16,164.3 1 1
github.com/scottstg/yolo/victron/cmd/victron-read/main.go:165.2,166.16 2 1
github.com/scottstg/yolo/victron/cmd/victron-read/main.go:166.16,168.3 1 1
github.com/scottstg/yolo/victron/cmd/victron-read/main.go:169.2,170.16 2 1
github.com/scottstg/yolo/victron/cmd/victron-read/main.go:170.16,172.3 1 1
github.com/scottstg/yolo/victron/cmd/victron-read/main.go:174.2,177.65 1 1
github.com/scottstg/yolo/victron/cmd/victron-read/main.go:181.74,182.40 1 1
github.com/scottstg/yolo/victron/cmd/victron-read/main.go:182.40,184.3 1 1
github.com/scottstg/yolo/victron/cmd/victron-read/main.go:185.2,185.24 1 1
github.com/scottstg/yolo/victron/cmd/victron-read/main.go:189.33,202.2 2 1
github.com/scottstg/yolo/victron/backend.go:90.37,92.2 1 1
github.com/scottstg/yolo/victron/backend.go:95.30,97.2 1 1
github.com/scottstg/yolo/victron/backend.go:101.32,102.27 1 1
github.com/scottstg/yolo/victron/backend.go:102.27,104.3 1 1
github.com/scottstg/yolo/victron/backend.go:108.2,108.27 1 1
github.com/scottstg/yolo/victron/backend.go:108.27,110.3 1 1
github.com/scottstg/yolo/victron/backend.go:112.2,113.16 2 1
github.com/scottstg/yolo/victron/backend.go:113.16,115.3 1 1
github.com/scottstg/yolo/victron/backend.go:118.2,118.39 1 1
github.com/scottstg/yolo/victron/backend.go:118.39,120.3 1 1
github.com/scottstg/yolo/victron/backend.go:122.2,123.12 2 0
github.com/scottstg/yolo/victron/backend.go:131.60,133.2 1 1
github.com/scottstg/yolo/victron/ble.go:81.66,83.55 1 1
github.com/scottstg/yolo/victron/ble.go:83.55,84.69 1 1
github.com/scottstg/yolo/victron/ble.go:84.69,86.4 1 1
github.com/scottstg/yolo/victron/ble.go:90.2,90.36 1 1
github.com/scottstg/yolo/victron/ble.go:90.36,93.49 1 1
github.com/scottstg/yolo/victron/ble.go:93.49,95.4 1 1
github.com/scottstg/yolo/victron/ble.go:98.2,98.14 1 1
github.com/scottstg/yolo/victron/ble.go:101.48,106.2 3 1
github.com/scottstg/yolo/victron/ble.go:108.37,110.30 2 1
github.com/scottstg/yolo/victron/ble.go:110.30,112.27 2 1
github.com/scottstg/yolo/victron/ble.go:112.27,114.4 1 1
github.com/scottstg/yolo/victron/ble.go:114.9,116.4 1 1
github.com/scottstg/yolo/victron/ble.go:118.2,118.23 1 1
github.com/scottstg/yolo/victron/ble.go:121.43,122.22 1 1
github.com/scottstg/yolo/victron/ble.go:122.22,124.3 1 1
github.com/scottstg/yolo/victron/ble.go:125.2,125.26 1 1
github.com/scottstg/yolo/victron/ble.go:125.26,127.3 1 1
github.com/scottstg/yolo/victron/ble.go:128.2,128.43 1 1
github.com/scottstg/yolo/victron/ble.go:128.43,129.35 1 1
github.com/scottstg/yolo/victron/ble.go:129.35,131.4 1 1
github.com/scottstg/yolo/victron/ble.go:133.2,133.14 1 1
github.com/scottstg/yolo/victron/ble.go:137.54,140.20 2 1
github.com/scottstg/yolo/victron/ble.go:141.28,142.29 1 1
github.com/scottstg/yolo/victron/ble.go:143.28,144.29 1 1
github.com/scottstg/yolo/victron/ble.go:145.33,146.28 1 1
github.com/scottstg/yolo/victron/ble.go:149.2,149.15 1 1
github.com/scottstg/yolo/victron/ble.go:153.44,158.20 2 1
github.com/scottstg/yolo/victron/ble.go:158.20,160.3 1 1
github.com/scottstg/yolo/victron/ble.go:163.2,163.21 1 1
github.com/scottstg/yolo/victron/ble.go:163.21,165.3 1 1
github.com/scottstg/yolo/victron/ble.go:168.2,168.27 1 1
github.com/scottstg/yolo/victron/ble.go:171.37,173.22 2 1
github.com/scottstg/yolo/victron/ble.go:173.22,174.15 1 1
github.com/scottstg/yolo/victron/ble.go:174.15,176.4 1 1
github.com/scottstg/yolo/victron/ble.go:178.2,178.23 1 1
github.com/scottstg/yolo/victron/ble.go:182.59,184.25 2 1
github.com/scottstg/yolo/victron/ble.go:184.25,186.3 1 1
github.com/scottstg/yolo/victron/ble.go:187.2,187.37 1 1
github.com/scottstg/yolo/victron/ble.go:187.37,189.3 1 1
github.com/scottstg/yolo/victron/ble.go:190.2,190.26 1 1
github.com/scottstg/yolo/victron/ble.go:190.26,192.3 1 1
github.com/scottstg/yolo/victron/ble.go:193.2,193.27 1 1
github.com/scottstg/yolo/victron/ble.go:193.27,195.3 1 1
github.com/scottstg/yolo/victron/ble.go:196.2,196.29 1 1
github.com/scottstg/yolo/victron/ble.go:196.29,198.3 1 1
github.com/scottstg/yolo/victron/ble.go:200.2,201.26 2 1
github.com/scottstg/yolo/victron/ble.go:201.26,202.12 1 1
github.com/scottstg/yolo/victron/ble.go:202.12,204.4 1 1
github.com/scottstg/yolo/victron/ble.go:205.3,205.14 1 1
github.com/scottstg/yolo/victron/ble.go:207.2,207.15 1 1
github.com/scottstg/yolo/victron/ble.go:211.81,212.17 1 1
github.com/scottstg/yolo/victron/ble.go:212.17,214.3 1 1
github.com/scottstg/yolo/victron/ble.go:216.2,216.95 1 1
github.com/scottstg/yolo/victron/ble.go:216.95,218.3 1 1
github.com/scottstg/yolo/victron/ble.go:220.2,220.12 1 1
github.com/scottstg/yolo/victron/ble.go:224.88,225.20 1 1
github.com/scottstg/yolo/victron/ble.go:225.20,227.3 1 1
github.com/scottstg/yolo/victron/ble.go:229.2,229.47 1 1
github.com/scottstg/yolo/victron/ble.go:229.47,230.53 1 1
github.com/scottstg/yolo/victron/ble.go:230.53,232.4 1 1
github.com/scottstg/yolo/victron/ble.go:235.2,235.92 1 1
github.com/scottstg/yolo/victron/ble_backend_macos.go:23.44,25.2 1 1
github.com/scottstg/yolo/victron/ble_backend_macos.go:28.43,35.16 4 1
github.com/scottstg/yolo/victron/ble_backend_macos.go:35.16,37.3 1 1
github.com/scottstg/yolo/victron/ble_backend_macos.go:39.2,41.29 3 0
github.com/scottstg/yolo/victron/ble_backend_macos.go:41.29,44.3 1 0
github.com/scottstg/yolo/victron/ble_backend_macos.go:46.2,46.12 1 0
github.com/scottstg/yolo/victron/ble_backend_macos.go:50.38,54.2 3 1
github.com/scottstg/yolo/victron/ble_backend_macos.go:57.105,58.20 1 1
github.com/scottstg/yolo/victron/ble_backend_macos.go:58.20,60.3 1 1
github.com/scottstg/yolo/victron/ble_backend_macos.go:62.2,84.114 4 1
github.com/scottstg/yolo/victron/ble_backend_macos.go:84.114,89.18 2 1
github.com/scottstg/yolo/victron/ble_backend_macos.go:89.18,91.4 1 1
github.com/scottstg/yolo/victron/ble_backend_macos.go:92.3,92.19 1 0
github.com/scottstg/yolo/victron/ble_backend_macos.go:96.2,97.42 2 0
github.com/scottstg/yolo/victron/ble_backend_macos.go:97.42,99.3 1 0
github.com/scottstg/yolo/victron/ble_backend_macos.go:102.2,106.32 4 0
github.com/scottstg/yolo/victron/ble_backend_macos.go:106.32,107.21 1 0
github.com/scottstg/yolo/victron/ble_backend_macos.go:107.21,112.57 3 0
github.com/scottstg/yolo/victron/ble_backend_macos.go:112.57,113.74 1 0
github.com/scottstg/yolo/victron/ble_backend_macos.go:113.74,115.11 2 0
github.com/scottstg/yolo/victron/ble_backend_macos.go:120.4,128.17 3 0
github.com/scottstg/yolo/victron/ble_backend_macos.go:128.17,130.5 1 0
github.com/scottstg/yolo/victron/ble_backend_macos.go:134.2,135.21 2 0
github.com/scottstg/yolo/victron/ble_backend_macos.go:139.71,141.2 1 1
github.com/scottstg/yolo/victron/ble_backend_macos.go:144.83,146.2 1 1
github.com/scottstg/yolo/victron/ble_backend_macos.go:149.97,151.2 1 1
github.com/scottstg/yolo/victron/bluez_init_macos.go:22.13,23.47 1 1
github.com/scottstg/yolo/victron/bluez_init_macos.go:23.47,25.3 1 1
github.com/scottstg/yolo/victron/client.go:21.26,26.2 1 1
github.com/scottstg/yolo/victron/client.go:30.77,35.15 4 1
github.com/scottstg/yolo/victron/client.go:35.15,35.37 1 1
github.com/scottstg/yolo/victron/client.go:38.2,42.20 3 1
github.com/scottstg/yolo/victron/client.go:42.20,44.45 1 1
github.com/scottstg/yolo/victron/client.go:44.45,46.4 1 1
github.com/scottstg/yolo/victron/client.go:47.3,47.25 1 0
github.com/scottstg/yolo/victron/client.go:51.2,56.16 4 0
github.com/scottstg/yolo/victron/client.go:56.16,58.3 1 0
github.com/scottstg/yolo/victron/client.go:61.2,61.33 1 0
github.com/scottstg/yolo/victron/client.go:61.33,72.3 2 0
github.com/scottstg/yolo/victron/client.go:74.2,74.27 1 0
github.com/scottstg/yolo/victron/client.go:78.29,82.2 3 1
github.com/scottstg/yolo/victron/client.go:85.59,90.59 3 1
github.com/scottstg/yolo/victron/client.go:90.59,91.23 1 1
github.com/scottstg/yolo/victron/client.go:91.23,93.4 1 0
github.com/scottstg/yolo/victron/client.go:97.2,110.20 3 1
github.com/scottstg/yolo/victron/client.go:114.51,118.59 3 1
github.com/scottstg/yolo/victron/client.go:118.59,121.3 2 1
github.com/scottstg/yolo/victron/client.go:123.2,123.12 1 1
github.com/scottstg/yolo/victron/client.go:127.46,132.44 4 1
github.com/scottstg/yolo/victron/client.go:132.44,133.23 1 1
github.com/scottstg/yolo/victron/client.go:133.23,135.4 1 1
github.com/scottstg/yolo/victron/client.go:137.2,137.16 1 1
github.com/scottstg/yolo/victron/client.go:141.60,146.34 4 1
github.com/scottstg/yolo/victron/client.go:146.34,148.3 1 1
github.com/scottstg/yolo/victron/client.go:149.2,149.21 1 1
github.com/scottstg/yolo/victron/client.go:153.46,156.16 2 1
github.com/scottstg/yolo/victron/client.go:156.16,158.3 1 1
github.com/scottstg/yolo/victron/client.go:161.2,162.33 2 0
github.com/scottstg/yolo/victron/client.go:162.33,163.23 1 0
github.com/scottstg/yolo/victron/client.go:163.23,165.4 1 0
github.com/scottstg/yolo/victron/client.go:168.2,168.30 1 0
github.com/scottstg/yolo/victron/client.go:168.30,170.3 1 0
github.com/scottstg/yolo/victron/client.go:173.2,174.41 2 0
github.com/scottstg/yolo/victron/client.go:174.41,175.33 1 0
github.com/scottstg/yolo/victron/client.go:175.33,177.4 1 0
github.com/scottstg/yolo/victron/client.go:180.2,180.38 1 0
github.com/scottstg/yolo/victron/client.go:186.34,190.17 3 1
github.com/scottstg/yolo/victron/client.go:190.17,192.3 1 1
github.com/scottstg/yolo/victron/client.go:198.2,203.12 3 1
github.com/scottstg/yolo/victron/client.go:207.31,211.2 3 1
github.com/scottstg/yolo/victron/client.go:213.39,214.18 1 1
github.com/scottstg/yolo/victron/client.go:214.18,216.3 1 1
github.com/scottstg/yolo/victron/client.go:218.2,221.9 2 1
github.com/scottstg/yolo/victron/client.go:222.20,222.20 0 0
github.com/scottstg/yolo/victron/client.go:224.10,225.20 1 1
github.com/scottstg/yolo/victron/client.go:230.42,231.6 1 1
github.com/scottstg/yolo/victron/client.go:231.6,232.10 1 1
github.com/scottstg/yolo/victron/client.go:233.21,234.10 1 1
github.com/scottstg/yolo/victron/client.go:235.29,241.11 4 1
github.com/scottstg/yolo/victron/client.go:242.45,242.45 0 1
github.com/scottstg/yolo/victron/client.go:243.12,243.12 0 0
github.com/scottstg/yolo/victron/client.go:250.51,255.29 4 1
github.com/scottstg/yolo/victron/client.go:255.29,257.3 1 1
github.com/scottstg/yolo/victron/client.go:258.2,258.13 1 1
github.com/scottstg/yolo/victron/client.go:262.53,268.2 4 1
github.com/scottstg/yolo/victron/client.go:271.50,273.2 1 1
github.com/scottstg/yolo/victron/client.go:276.43,278.2 1 1
github.com/scottstg/yolo/victron/client.go:281.61,283.2 1 1
github.com/scottstg/yolo/victron/client.go:286.37,290.2 3 1
github.com/scottstg/yolo/victron/client.go:293.50,294.12 1 1
github.com/scottstg/yolo/victron/client.go:295.28,301.4 1 1
github.com/scottstg/yolo/victron/client.go:302.28,307.4 1 1
github.com/scottstg/yolo/victron/client.go:308.33,310.13 1 1
github.com/scottstg/yolo/victron/client.go:311.10,312.20 1 1
github.com/scottstg/yolo/victron/client.go:317.105,322.15 4 1
github.com/scottstg/yolo/victron/client.go:322.15,322.37 1 1
github.com/scottstg/yolo/victron/client.go:325.2,327.39 2 1
github.com/scottstg/yolo/victron/client.go:327.39,328.36 1 1
github.com/scottstg/yolo/victron/client.go:328.36,330.4 1 1
github.com/scottstg/yolo/victron/client.go:333.2,333.22 1 1
github.com/scottstg/yolo/victron/client.go:336.71,337.72 1 1
github.com/scottstg/yolo/victron/client.go:337.72,339.3 1 1
github.com/scottstg/yolo/victron/client.go:340.2,340.13 1 1
github.com/scottstg/yolo/victron/client.go:344.65,347.6 2 1
github.com/scottstg/yolo/victron/client.go:347.6,348.22 1 1
github.com/scottstg/yolo/victron/client.go:348.22,350.4 1 1
github.com/scottstg/yolo/victron/client.go:352.3,353.25 2 1
github.com/scottstg/yolo/victron/client.go:353.25,355.4 1 1
github.com/scottstg/yolo/victron/client.go:357.3,357.37 1 1
github.com/scottstg/yolo/victron/historical.go:30.58,38.60 2 1
github.com/scottstg/yolo/victron/historical.go:38.60,41.3 1 0
github.com/scottstg/yolo/victron/historical.go:43.2,43.14 1 1
github.com/scottstg/yolo/victron/historical.go:47.83,66.16 7 1
github.com/scottstg/yolo/victron/historical.go:66.16,68.3 1 1
github.com/scottstg/yolo/victron/historical.go:72.89,78.34 5 1
github.com/scottstg/yolo/victron/historical.go:78.34,80.3 1 1
github.com/scottstg/yolo/victron/historical.go:83.2,83.39 1 1
github.com/scottstg/yolo/victron/historical.go:83.39,88.3 4 1
github.com/scottstg/yolo/victron/historical.go:91.2,93.15 3 1
github.com/scottstg/yolo/victron/historical.go:97.104,102.37 4 1
github.com/scottstg/yolo/victron/historical.go:102.37,103.69 1 1
github.com/scottstg/yolo/victron/historical.go:103.69,105.41 2 1
github.com/scottstg/yolo/victron/historical.go:105.41,110.5 4 0
github.com/scottstg/yolo/victron/historical.go:110.10,114.5 3 1
github.com/scottstg/yolo/victron/historical.go:118.2,118.15 1 1
github.com/scottstg/yolo/victron/historical.go:122.81,124.24 2 1
github.com/scottstg/yolo/victron/historical.go:124.24,126.3 1 1
github.com/scottstg/yolo/victron/historical.go:128.2,131.33 3 1
github.com/scottstg/yolo/victron/historical.go:131.33,133.24 2 1
github.com/scottstg/yolo/victron/historical.go:133.24,135.4 1 0
github.com/scottstg/yolo/victron/historical.go:136.3,136.24 1 1
github.com/scottstg/yolo/victron/historical.go:136.24,138.4 1 1
github.com/scottstg/yolo/victron/historical.go:141.2,148.3 2 1
github.com/scottstg/yolo/victron/historical.go:152.41,159.2 5 1
github.com/scottstg/yolo/victron/historical.go:162.40,165.16 3 1
github.com/scottstg/yolo/victron/historical.go:165.16,167.3 1 1
github.com/scottstg/yolo/victron/historical.go:169.2,170.58 2 1
github.com/scottstg/yolo/victron/historical.go:170.58,172.3 1 0
github.com/scottstg/yolo/victron/historical.go:174.2,178.12 4 1
github.com/scottstg/yolo/victron/historical.go:182.40,188.16 5 1
github.com/scottstg/yolo/victron/historical.go:188.16,190.3 1 0
github.com/scottstg/yolo/victron/historical.go:193.2,193.53 1 1
github.com/scottstg/yolo/victron/historical.go:193.53,195.3 1 0
github.com/scottstg/yolo/victron/historical.go:197.2,197.43 1 1
github.com/scottstg/yolo/victron/mock_backend.go:17.36,22.2 1 1
github.com/scottstg/yolo/victron/mock_backend.go:25.42,28.2 2 1
github.com/scottstg/yolo/victron/mock_backend.go:31.37,33.37 2 1
github.com/scottstg/yolo/victron/mock_backend.go:33.37,35.3 1 1
github.com/scottstg/yolo/victron/mock_backend.go:36.2,37.12 2 1
github.com/scottstg/yolo/victron/mock_backend.go:41.104,43.25 1 1
github.com/scottstg/yolo/victron/mock_backend.go:43.25,58.3 1 1
github.com/scottstg/yolo/victron/mock_backend.go:61.2,65.6 4 1
github.com/scottstg/yolo/victron/mock_backend.go:65.6,67.26 2 1
github.com/scottstg/yolo/victron/mock_backend.go:67.26,68.9 1 1
github.com/scottstg/yolo/victron/mock_backend.go:71.3,71.10 1 1
github.com/scottstg/yolo/victron/mock_backend.go:72.21,73.25 1 0
github.com/scottstg/yolo/victron/mock_backend.go:74.19,74.19 0 1
github.com/scottstg/yolo/victron/mock_backend.go:76.41,77.9 1 0
github.com/scottstg/yolo/victron/mock_backend.go:81.2,81.23 1 1
github.com/scottstg/yolo/victron/mock_backend.go:85.70,93.2 3 1
github.com/scottstg/yolo/victron/mock_backend.go:96.82,105.2 1 1
github.com/scottstg/yolo/victron/mock_backend.go:108.96,118.2 1 1
github.com/scottstg/yolo/victron/mock_backend.go:129.43,131.2 1 0
github.com/scottstg/yolo/victron/mock_backend.go:134.40,136.2 1 0
github.com/scottstg/yolo/victron/mock_backend.go:139.45,141.2 1 1
github.com/scottstg/yolo/victron/mock_backend.go:144.40,146.24 2 1
github.com/scottstg/yolo/victron/mock_backend.go:146.24,147.10 1 1
github.com/scottstg/yolo/victron/mock_backend.go:148.22,148.22 0 1
github.com/scottstg/yolo/victron/mock_backend.go:150.11,151.22 1 0
github.com/scottstg/yolo/victron/mock_backend.go:154.2,154.12 1 1
github.com/scottstg/yolo/victron/mock_backend.go:158.86,161.2 1 1
github.com/scottstg/yolo/victron/mock_backend.go:164.90,167.2 1 0
github.com/scottstg/yolo/victron/mock_backend.go:170.108,174.12 2 1
github.com/scottstg/yolo/victron/mock_backend.go:174.12,182.26 2 1
github.com/scottstg/yolo/victron/mock_backend.go:182.26,183.11 1 1
github.com/scottstg/yolo/victron/mock_backend.go:184.34,184.34 0 1
github.com/scottstg/yolo/victron/mock_backend.go:185.23,186.11 1 0
github.com/scottstg/yolo/victron/mock_backend.go:187.39,187.39 0 0
github.com/scottstg/yolo/victron/mock_backend.go:192.2,192.25 1 1
github.com/scottstg/yolo/victron/mock_backend.go:196.95,197.9 1 1
github.com/scottstg/yolo/victron/mock_backend.go:198.21,198.21 0 0
github.com/scottstg/yolo/victron/mock_backend.go:200.10,201.21 1 1
github.com/scottstg/yolo/victron/mock_backend.go:203.2,203.12 1 1
github.com/scottstg/yolo/victron/parser.go:37.63,38.19 1 1
github.com/scottstg/yolo/victron/parser.go:38.19,40.3 1 1
github.com/scottstg/yolo/victron/parser.go:42.2,48.18 2 1
github.com/scottstg/yolo/victron/parser.go:48.18,50.3 1 1
github.com/scottstg/yolo/victron/parser.go:53.2,53.16 1 1
github.com/scottstg/yolo/victron/parser.go:54.11,57.36 2 1
github.com/scottstg/yolo/victron/parser.go:58.11,61.39 2 1
github.com/scottstg/yolo/victron/parser.go:62.10,65.68 2 1
github.com/scottstg/yolo/victron/parser.go:69.79,73.18 1 1
github.com/scottstg/yolo/victron/parser.go:73.18,75.3 1 0
github.com/scottstg/yolo/victron/parser.go:78.2,84.66 4 1
github.com/scottstg/yolo/victron/parser.go:84.66,87.3 2 1
github.com/scottstg/yolo/victron/parser.go:90.2,98.21 5 1
github.com/scottstg/yolo/victron/parser.go:98.21,101.3 2 1
github.com/scottstg/yolo/victron/parser.go:101.8,103.3 1 1
github.com/scottstg/yolo/victron/parser.go:106.2,106.26 1 1
github.com/scottstg/yolo/victron/parser.go:106.26,108.42 1 1
github.com/scottstg/yolo/victron/parser.go:109.19,111.19 1 1
github.com/scottstg/yolo/victron/parser.go:112.11,114.18 2 1
github.com/scottstg/yolo/victron/parser.go:114.18,116.5 1 1
github.com/scottstg/yolo/victron/parser.go:121.2,122.28 2 1
github.com/scottstg/yolo/victron/parser.go:122.28,127.41 3 1
github.com/scottstg/yolo/victron/parser.go:127.41,129.4 1 1
github.com/scottstg/yolo/victron/parser.go:130.8,133.3 2 1
github.com/scottstg/yolo/victron/parser.go:135.2,135.19 1 1
github.com/scottstg/yolo/victron/parser.go:138.82,146.40 3 1
github.com/scottstg/yolo/victron/parser.go:146.40,148.3 1 1
github.com/scottstg/yolo/victron/parser.go:150.2,155.21 5 1
github.com/scottstg/yolo/victron/parser.go:155.21,158.3 2 1
github.com/scottstg/yolo/victron/parser.go:158.8,160.3 1 1
github.com/scottstg/yolo/victron/parser.go:162.2,162.19 1 1
github.com/scottstg/yolo/victron/parser.go:166.42,167.20 1 1
github.com/scottstg/yolo/victron/parser.go:167.20,169.3 1 1
github.com/scottstg/yolo/victron/parser.go:171.2,172.25 2 1
github.com/scottstg/yolo/victron/parser.go:172.25,174.3 1 1
github.com/scottstg/yolo/victron/parser.go:175.2,175.17 1 1
github.com/scottstg/yolo/victron/parser.go:179.47,181.46 2 1
github.com/scottstg/yolo/victron/parser.go:181.46,183.3 1 1
github.com/scottstg/yolo/victron/parser.go:185.2,188.43 3 1
github.com/scottstg/yolo/victron/parser.go:192.65,197.29 3 1
github.com/scottstg/yolo/victron/parser.go:197.29,203.21 3 1
github.com/scottstg/yolo/victron/parser.go:203.21,204.12 1 1
github.com/scottstg/yolo/victron/parser.go:207.3,208.49 2 1
github.com/scottstg/yolo/victron/parser.go:208.49,210.12 1 1
github.com/scottstg/yolo/victron/parser.go:213.3,213.19 1 1
github.com/scottstg/yolo/victron/parser.go:213.19,215.4 1 1
github.com/scottstg/yolo/victron/parser.go:218.2,218.20 1 1
github.com/scottstg/yolo/victron/parser.go:272.46,273.45 1 1
github.com/scottstg/yolo/victron/parser.go:273.45,275.3 1 1
github.com/scottstg/yolo/victron/parser.go:276.2,276.12 1 1
github.com/scottstg/yolo/victron/parser.go:280.47,281.41 1 1
github.com/scottstg/yolo/victron/parser.go:281.41,283.3 1 1
github.com/scottstg/yolo/victron/parser.go:285.2,286.37 2 1
github.com/scottstg/yolo/victron/parser.go:286.37,288.3 1 1
github.com/scottstg/yolo/victron/parser.go:290.2,290.61 1 1
github.com/scottstg/yolo/victron/parser.go:294.52,301.2 1 1
github.com/scottstg/yolo/victron/victron.go:29.38,30.12 1 1
github.com/scottstg/yolo/victron/victron.go:31.28,32.22 1 1
github.com/scottstg/yolo/victron/victron.go:33.28,34.22 1 0
github.com/scottstg/yolo/victron/victron.go:35.33,36.29 1 0
github.com/scottstg/yolo/victron/victron.go:37.33,38.28 1 0
github.com/scottstg/yolo/victron/victron.go:39.27,40.21 1 0
github.com/scottstg/yolo/victron/victron.go:41.10,42.19 1 1
github.com/scottstg/yolo/victron/victron.go:99.42,101.2 1 1
github.com/scottstg/yolo/victron/victron.go:103.40,105.2 1 1
github.com/scottstg/yolo/victron/victron.go:107.39,109.2 1 1
github.com/scottstg/yolo/victron/victron.go:111.37,113.2 1 1
github.com/scottstg/yolo/agent.go:67.32,80.98 6 1
github.com/scottstg/yolo/agent.go:80.98,81.27 1 1
github.com/scottstg/yolo/agent.go:81.27,83.4 1 0
github.com/scottstg/yolo/agent.go:87.2,88.48 2 1
github.com/scottstg/yolo/agent.go:88.48,90.3 1 1
github.com/scottstg/yolo/agent.go:93.2,94.56 2 1
github.com/scottstg/yolo/agent.go:94.56,98.51 4 1
github.com/scottstg/yolo/agent.go:98.51,100.4 1 0
github.com/scottstg/yolo/agent.go:103.2,122.38 4 1
github.com/scottstg/yolo/agent.go:122.38,124.3 1 0
github.com/scottstg/yolo/agent.go:127.2,129.40 3 1
github.com/scottstg/yolo/agent.go:129.40,133.3 2 0
github.com/scottstg/yolo/agent.go:135.2,135.10 1 1
github.com/scottstg/yolo/agent.go:139.42,140.18 1 1
github.com/scottstg/yolo/agent.go:140.18,142.3 1 1
github.com/scottstg/yolo/agent.go:143.2,144.24 2 1
github.com/scottstg/yolo/agent.go:144.24,146.3 1 0
github.com/scottstg/yolo/agent.go:147.2,150.12 4 1
github.com/scottstg/yolo/agent.go:157.51,158.16 1 1
github.com/scottstg/yolo/agent.go:158.16,160.3 1 1
github.com/scottstg/yolo/agent.go:161.2,165.52 3 0
github.com/scottstg/yolo/agent.go:165.52,167.3 1 0
github.com/scottstg/yolo/agent.go:170.2,171.81 2 0
github.com/scottstg/yolo/agent.go:171.81,172.17 1 0
github.com/scottstg/yolo/agent.go:172.17,174.4 1 0
github.com/scottstg/yolo/agent.go:175.3,175.19 1 0
github.com/scottstg/yolo/agent.go:175.19,176.23 1 0
github.com/scottstg/yolo/agent.go:177.51,178.28 1 0
github.com/scottstg/yolo/agent.go:180.4,180.14 1 0
github.com/scottstg/yolo/agent.go:182.3,182.77 1 0
github.com/scottstg/yolo/agent.go:182.77,183.41 1 0
github.com/scottstg/yolo/agent.go:183.41,185.5 1 0
github.com/scottstg/yolo/agent.go:187.3,187.13 1 0
github.com/scottstg/yolo/agent.go:189.2,189.39 1 0
github.com/scottstg/yolo/agent.go:189.39,193.3 3 0
github.com/scottstg/yolo/agent.go:196.2,196.40 1 0
github.com/scottstg/yolo/agent.go:196.40,200.3 3 0
github.com/scottstg/yolo/agent.go:202.2,202.37 1 0
github.com/scottstg/yolo/agent.go:207.46,209.21 2 1
github.com/scottstg/yolo/agent.go:209.21,211.3 1 1
github.com/scottstg/yolo/agent.go:214.2,214.54 1 0
github.com/scottstg/yolo/agent.go:214.54,216.3 1 0
github.com/scottstg/yolo/agent.go:219.2,220.16 2 0
github.com/scottstg/yolo/agent.go:220.16,222.3 1 0
github.com/scottstg/yolo/agent.go:224.2,225.29 2 0
github.com/scottstg/yolo/agent.go:225.29,226.20 1 0
github.com/scottstg/yolo/agent.go:226.20,228.4 1 0
github.com/scottstg/yolo/agent.go:231.2,231.23 1 0
github.com/scottstg/yolo/agent.go:231.23,235.3 3 0
github.com/scottstg/yolo/agent.go:237.2,237.11 1 0
github.com/scottstg/yolo/agent.go:242.31,244.2 1 0
github.com/scottstg/yolo/agent.go:250.37,258.22 7 0
github.com/scottstg/yolo/agent.go:258.22,262.3 3 0
github.com/scottstg/yolo/agent.go:264.2,265.27 2 0
github.com/scottstg/yolo/agent.go:265.27,267.3 1 0
github.com/scottstg/yolo/agent.go:268.2,271.6 3 0
github.com/scottstg/yolo/agent.go:271.6,276.91 5 0
github.com/scottstg/yolo/agent.go:276.91,278.12 2 0
github.com/scottstg/yolo/agent.go:280.3,281.42 2 0
github.com/scottstg/yolo/agent.go:281.42,283.4 1 0
github.com/scottstg/yolo/agent.go:284.3,285.8 2 0
github.com/scottstg/yolo/agent.go:287.2,287.18 1 0
github.com/scottstg/yolo/agent.go:292.48,300.57 6 1
github.com/scottstg/yolo/agent.go:300.57,301.97 1 1
github.com/scottstg/yolo/agent.go:301.97,303.9 2 1
github.com/scottstg/yolo/agent.go:307.2,307.29 1 1
github.com/scottstg/yolo/agent.go:307.29,313.25 4 1
github.com/scottstg/yolo/agent.go:313.25,315.4 1 0
github.com/scottstg/yolo/agent.go:316.3,319.80 2 1
github.com/scottstg/yolo/agent.go:319.80,322.4 2 0
github.com/scottstg/yolo/agent.go:323.3,323.20 1 1
github.com/scottstg/yolo/agent.go:324.8,327.3 2 0
github.com/scottstg/yolo/agent.go:330.2,331.23 2 1
github.com/scottstg/yolo/agent.go:331.23,333.30 2 1
github.com/scottstg/yolo/agent.go:333.30,335.18 2 1
github.com/scottstg/yolo/agent.go:336.16,337.19 1 1
github.com/scottstg/yolo/agent.go:338.21,339.21 1 1
github.com/scottstg/yolo/agent.go:340.16,341.20 1 0
github.com/scottstg/yolo/agent.go:342.12,343.20 1 0
github.com/scottstg/yolo/agent.go:345.4,346.61 2 1
github.com/scottstg/yolo/agent.go:348.3,348.20 1 1
github.com/scottstg/yolo/agent.go:350.2,350.18 1 1
github.com/scottstg/yolo/agent.go:353.36,355.2 1 1
github.com/scottstg/yolo/agent.go:358.42,364.2 5 1
github.com/scottstg/yolo/agent.go:367.43,368.21 1 1
github.com/scottstg/yolo/agent.go:368.21,371.3 2 1
github.com/scottstg/yolo/agent.go:372.2,374.56 3 1
github.com/scottstg/yolo/agent.go:383.72,385.23 1 0
github.com/scottstg/yolo/agent.go:385.23,387.3 1 0
github.com/scottstg/yolo/agent.go:391.2,393.23 2 0
github.com/scottstg/yolo/agent.go:393.23,395.3 1 0
github.com/scottstg/yolo/agent.go:398.2,399.28 2 0
github.com/scottstg/yolo/agent.go:399.28,401.3 1 0
github.com/scottstg/yolo/agent.go:404.2,405.24 2 0
github.com/scottstg/yolo/agent.go:405.24,407.3 1 0
github.com/scottstg/yolo/agent.go:409.2,409.16 1 0
github.com/scottstg/yolo/agent.go:409.16,419.3 2 0
github.com/scottstg/yolo/agent.go:422.2,423.21 2 0
github.com/scottstg/yolo/agent.go:423.21,424.84 1 0
github.com/scottstg/yolo/agent.go:424.84,426.4 1 0
github.com/scottstg/yolo/agent.go:430.2,433.25 2 0
github.com/scottstg/yolo/agent.go:433.25,434.58 1 0
github.com/scottstg/yolo/agent.go:434.58,439.4 1 0
github.com/scottstg/yolo/agent.go:442.2,454.6 7 0
github.com/scottstg/yolo/agent.go:454.6,460.52 4 0
github.com/scottstg/yolo/agent.go:460.52,462.30 2 0
github.com/scottstg/yolo/agent.go:462.30,464.27 2 0
github.com/scottstg/yolo/agent.go:464.27,466.6 1 0
github.com/scottstg/yolo/agent.go:467.5,469.29 3 0
github.com/scottstg/yolo/agent.go:469.29,471.37 2 0
github.com/scottstg/yolo/agent.go:471.37,473.7 1 0
github.com/scottstg/yolo/agent.go:474.6,474.73 1 0
github.com/scottstg/yolo/agent.go:476.5,477.25 2 0
github.com/scottstg/yolo/agent.go:477.25,479.6 1 0
github.com/scottstg/yolo/agent.go:480.5,480.94 1 0
github.com/scottstg/yolo/agent.go:484.3,489.129 5 0
github.com/scottstg/yolo/agent.go:489.129,491.4 1 0
github.com/scottstg/yolo/agent.go:492.3,497.17 5 0
github.com/scottstg/yolo/agent.go:497.17,498.24 1 0
github.com/scottstg/yolo/agent.go:498.24,501.5 2 0
github.com/scottstg/yolo/agent.go:502.4,503.10 2 0
github.com/scottstg/yolo/agent.go:507.3,507.30 1 0
github.com/scottstg/yolo/agent.go:507.30,510.40 2 0
github.com/scottstg/yolo/agent.go:510.40,513.5 2 0
github.com/scottstg/yolo/agent.go:516.3,522.26 3 0
github.com/scottstg/yolo/agent.go:522.26,524.84 2 0
github.com/scottstg/yolo/agent.go:524.84,526.5 1 0
github.com/scottstg/yolo/agent.go:527.4,527.84 1 0
github.com/scottstg/yolo/agent.go:527.84,529.5 1 0
github.com/scottstg/yolo/agent.go:530.4,530.26 1 0
github.com/scottstg/yolo/agent.go:530.26,532.32 2 0
github.com/scottstg/yolo/agent.go:532.32,534.35 2 0
github.com/scottstg/yolo/agent.go:534.35,537.7 2 0
github.com/scottstg/yolo/agent.go:544.3,546.26 2 0
github.com/scottstg/yolo/agent.go:546.26,551.63 1 0
github.com/scottstg/yolo/agent.go:551.63,568.13 4 0
github.com/scottstg/yolo/agent.go:570.4,571.9 2 0
github.com/scottstg/yolo/agent.go:575.3,576.32 2 0
github.com/scottstg/yolo/agent.go:576.32,584.4 2 0
github.com/scottstg/yolo/agent.go:591.3,592.58 2 0
github.com/scottstg/yolo/agent.go:592.58,595.4 1 0
github.com/scottstg/yolo/agent.go:596.3,596.17 1 0
github.com/scottstg/yolo/agent.go:596.17,598.4 1 0
github.com/scottstg/yolo/agent.go:600.3,617.34 4 0
github.com/scottstg/yolo/agent.go:617.34,620.19 3 0
github.com/scottstg/yolo/agent.go:620.19,622.5 1 0
github.com/scottstg/yolo/agent.go:626.4,626.26 1 0
github.com/scottstg/yolo/agent.go:626.26,636.13 5 0
github.com/scottstg/yolo/agent.go:639.4,644.24 5 0
github.com/scottstg/yolo/agent.go:644.24,645.18 1 0
github.com/scottstg/yolo/agent.go:645.18,647.6 1 0
github.com/scottstg/yolo/agent.go:647.11,649.28 2 0
github.com/scottstg/yolo/agent.go:649.28,651.7 1 0
github.com/scottstg/yolo/agent.go:652.6,652.62 1 0
github.com/scottstg/yolo/agent.go:656.4,658.24 2 0
github.com/scottstg/yolo/agent.go:658.24,659.18 1 0
github.com/scottstg/yolo/agent.go:659.18,662.49 2 0
github.com/scottstg/yolo/agent.go:662.49,664.7 1 0
github.com/scottstg/yolo/agent.go:665.6,665.54 1 0
github.com/scottstg/yolo/agent.go:666.11,668.28 2 0
github.com/scottstg/yolo/agent.go:668.28,670.7 1 0
github.com/scottstg/yolo/agent.go:671.6,674.49 3 0
github.com/scottstg/yolo/agent.go:674.49,676.7 1 0
github.com/scottstg/yolo/agent.go:676.12,678.7 1 0
github.com/scottstg/yolo/agent.go:682.4,683.45 2 0
github.com/scottstg/yolo/agent.go:683.45,685.5 1 0
github.com/scottstg/yolo/agent.go:686.4,694.75 3 0
github.com/scottstg/yolo/agent.go:694.75,696.5 1 0
github.com/scottstg/yolo/agent.go:703.3,703.32 1 0
github.com/scottstg/yolo/agent.go:703.32,704.11 1 0
github.com/scottstg/yolo/agent.go:705.37,708.20 3 0
github.com/scottstg/yolo/agent.go:708.20,709.46 1 0
github.com/scottstg/yolo/agent.go:709.46,712.7 2 0
github.com/scottstg/yolo/agent.go:712.12,712.46 1 0
github.com/scottstg/yolo/agent.go:712.46,714.21 2 0
github.com/scottstg/yolo/agent.go:714.21,716.8 1 0
github.com/scottstg/yolo/agent.go:717.12,727.7 6 0
github.com/scottstg/yolo/agent.go:729.12,729.12 0 0
github.com/scottstg/yolo/agent.go:736.3,736.56 1 0
github.com/scottstg/yolo/agent.go:736.56,741.4 1 0
github.com/scottstg/yolo/agent.go:742.3,742.61 1 0
github.com/scottstg/yolo/agent.go:742.61,747.4 1 0
github.com/scottstg/yolo/agent.go:749.3,749.13 1 0
github.com/scottstg/yolo/agent.go:753.2,753.21 1 0
github.com/scottstg/yolo/agent.go:753.21,756.3 1 0
github.com/scottstg/yolo/agent.go:771.70,776.60 3 1
github.com/scottstg/yolo/agent.go:776.60,778.64 2 0
github.com/scottstg/yolo/agent.go:778.64,779.44 1 0
github.com/scottstg/yolo/agent.go:779.44,781.20 2 0
github.com/scottstg/yolo/agent.go:781.20,783.6 1 0
github.com/scottstg/yolo/agent.go:784.5,784.66 1 0
github.com/scottstg/yolo/agent.go:790.2,790.21 1 1
github.com/scottstg/yolo/agent.go:790.21,793.61 3 1
github.com/scottstg/yolo/agent.go:793.61,797.63 4 0
github.com/scottstg/yolo/agent.go:797.63,799.5 1 0
github.com/scottstg/yolo/agent.go:800.4,800.65 1 0
github.com/scottstg/yolo/agent.go:805.2,805.21 1 1
github.com/scottstg/yolo/agent.go:805.21,808.62 3 1
github.com/scottstg/yolo/agent.go:808.62,812.65 4 0
github.com/scottstg/yolo/agent.go:812.65,814.5 1 0
github.com/scottstg/yolo/agent.go:815.4,815.65 1 0
github.com/scottstg/yolo/agent.go:822.2,822.21 1 1
github.com/scottstg/yolo/agent.go:822.21,825.62 3 1
github.com/scottstg/yolo/agent.go:825.62,831.36 5 0
github.com/scottstg/yolo/agent.go:831.36,835.32 4 0
github.com/scottstg/yolo/agent.go:835.32,837.6 1 0
github.com/scottstg/yolo/agent.go:837.11,839.6 1 0
github.com/scottstg/yolo/agent.go:840.5,844.18 4 0
github.com/scottstg/yolo/agent.go:844.18,846.6 1 0
github.com/scottstg/yolo/agent.go:848.4,848.21 1 0
github.com/scottstg/yolo/agent.go:848.21,850.5 1 0
github.com/scottstg/yolo/agent.go:855.2,855.21 1 1
github.com/scottstg/yolo/agent.go:855.21,858.32 3 1
github.com/scottstg/yolo/agent.go:858.32,860.4 1 1
github.com/scottstg/yolo/agent.go:861.3,861.61 1 1
github.com/scottstg/yolo/agent.go:861.61,863.26 2 0
github.com/scottstg/yolo/agent.go:863.26,865.67 2 0
github.com/scottstg/yolo/agent.go:865.67,867.6 1 0
github.com/scottstg/yolo/agent.go:873.2,873.21 1 1
github.com/scottstg/yolo/agent.go:873.21,874.39 1 1
github.com/scottstg/yolo/agent.go:874.39,876.62 2 1
github.com/scottstg/yolo/agent.go:876.62,879.63 3 0
github.com/scottstg/yolo/agent.go:879.63,883.65 3 0
github.com/scottstg/yolo/agent.go:883.65,885.7 1 0
github.com/scottstg/yolo/agent.go:887.5,887.22 1 0
github.com/scottstg/yolo/agent.go:887.22,889.6 1 0
github.com/scottstg/yolo/agent.go:895.2,895.21 1 1
github.com/scottstg/yolo/agent.go:895.21,897.67 2 1
github.com/scottstg/yolo/agent.go:897.67,898.23 1 0
github.com/scottstg/yolo/agent.go:898.23,901.32 3 0
github.com/scottstg/yolo/agent.go:901.32,903.20 2 0
github.com/scottstg/yolo/agent.go:903.20,904.15 1 0
github.com/scottstg/yolo/agent.go:907.6,908.76 2 0
github.com/scottstg/yolo/agent.go:908.76,911.56 2 0
github.com/scottstg/yolo/agent.go:911.56,913.8 1 0
github.com/scottstg/yolo/agent.go:914.7,915.36 2 0
github.com/scottstg/yolo/agent.go:915.36,917.8 1 0
github.com/scottstg/yolo/agent.go:918.7,918.33 1 0
github.com/scottstg/yolo/agent.go:918.33,920.66 2 0
github.com/scottstg/yolo/agent.go:920.66,922.9 1 0
github.com/scottstg/yolo/agent.go:923.8,923.73 1 0
github.com/scottstg/yolo/agent.go:936.2,936.21 1 1
github.com/scottstg/yolo/agent.go:936.21,939.32 3 1
github.com/scottstg/yolo/agent.go:939.32,941.4 1 1
github.com/scottstg/yolo/agent.go:942.3,942.67 1 1
github.com/scottstg/yolo/agent.go:942.67,944.30 2 0
github.com/scottstg/yolo/agent.go:944.30,947.5 2 0
github.com/scottstg/yolo/agent.go:955.2,955.21 1 1
github.com/scottstg/yolo/agent.go:955.21,958.32 3 1
github.com/scottstg/yolo/agent.go:958.32,960.4 1 1
github.com/scottstg/yolo/agent.go:961.3,961.67 1 1
github.com/scottstg/yolo/agent.go:961.67,963.30 2 0
github.com/scottstg/yolo/agent.go:963.30,966.5 2 0
github.com/scottstg/yolo/agent.go:978.2,978.21 1 1
github.com/scottstg/yolo/agent.go:978.21,982.32 4 1
github.com/scottstg/yolo/agent.go:982.32,984.4 1 1
github.com/scottstg/yolo/agent.go:985.3,985.67 1 1
github.com/scottstg/yolo/agent.go:985.67,987.30 2 0
github.com/scottstg/yolo/agent.go:987.30,990.65 3 0
github.com/scottstg/yolo/agent.go:990.65,992.19 2 0
github.com/scottstg/yolo/agent.go:992.19,994.7 1 0
github.com/scottstg/yolo/agent.go:996.5,996.22 1 0
github.com/scottstg/yolo/agent.go:996.22,998.6 1 0
github.com/scottstg/yolo/agent.go:1003.2,1003.14 1 1
github.com/scottstg/yolo/agent.go:1009.40,1010.59 1 1
github.com/scottstg/yolo/agent.go:1010.59,1012.3 1 1
github.com/scottstg/yolo/agent.go:1013.2,1013.62 1 1
github.com/scottstg/yolo/agent.go:1013.62,1015.3 1 1
github.com/scottstg/yolo/agent.go:1016.2,1016.56 1 1
github.com/scottstg/yolo/agent.go:1016.56,1018.3 1 1
github.com/scottstg/yolo/agent.go:1019.2,1019.12 1 1
github.com/scottstg/yolo/agent.go:1023.55,1026.29 3 1
github.com/scottstg/yolo/agent.go:1026.29,1028.17 2 1
github.com/scottstg/yolo/agent.go:1028.17,1029.12 1 1
github.com/scottstg/yolo/agent.go:1031.3,1032.16 2 1
github.com/scottstg/yolo/agent.go:1032.16,1033.12 1 0
github.com/scottstg/yolo/agent.go:1035.3,1037.71 3 1
github.com/scottstg/yolo/agent.go:1037.71,1039.4 1 1
github.com/scottstg/yolo/agent.go:1039.9,1039.80 1 1
github.com/scottstg/yolo/agent.go:1039.80,1041.4 1 1
github.com/scottstg/yolo/agent.go:1042.3,1042.62 1 1
github.com/scottstg/yolo/agent.go:1042.62,1044.4 1 1
github.com/scottstg/yolo/agent.go:1044.9,1044.72 1 1
github.com/scottstg/yolo/agent.go:1044.72,1046.4 1 1
github.com/scottstg/yolo/agent.go:1046.9,1046.66 1 1
github.com/scottstg/yolo/agent.go:1046.66,1048.4 1 1
github.com/scottstg/yolo/agent.go:1048.9,1050.4 1 1
github.com/scottstg/yolo/agent.go:1052.2,1052.15 1 1
github.com/scottstg/yolo/agent.go:1061.49,1064.13 3 1
github.com/scottstg/yolo/agent.go:1064.13,1066.3 1 1
github.com/scottstg/yolo/agent.go:1068.2,1068.14 1 1
github.com/scottstg/yolo/agent.go:1068.14,1072.16 3 1
github.com/scottstg/yolo/agent.go:1072.16,1073.9 1 0
github.com/scottstg/yolo/agent.go:1075.3,1079.50 4 1
github.com/scottstg/yolo/agent.go:1079.50,1083.32 3 1
github.com/scottstg/yolo/agent.go:1083.32,1084.37 1 1
github.com/scottstg/yolo/agent.go:1084.37,1086.14 2 0
github.com/scottstg/yolo/agent.go:1088.5,1088.22 1 1
github.com/scottstg/yolo/agent.go:1088.22,1090.11 2 1
github.com/scottstg/yolo/agent.go:1093.4,1093.16 1 1
github.com/scottstg/yolo/agent.go:1093.16,1096.5 2 1
github.com/scottstg/yolo/agent.go:1096.10,1100.5 2 0
github.com/scottstg/yolo/agent.go:1101.9,1104.21 2 1
github.com/scottstg/yolo/agent.go:1104.21,1107.5 2 0
github.com/scottstg/yolo/agent.go:1107.10,1110.5 2 1
github.com/scottstg/yolo/agent.go:1114.3,1115.32 2 1
github.com/scottstg/yolo/agent.go:1115.32,1117.4 1 1
github.com/scottstg/yolo/agent.go:1119.3,1119.41 1 1
github.com/scottstg/yolo/agent.go:1121.2,1121.15 1 1
github.com/scottstg/yolo/agent.go:1127.43,1128.14 1 1
github.com/scottstg/yolo/agent.go:1129.92,1130.14 1 1
github.com/scottstg/yolo/agent.go:1132.2,1132.14 1 1
github.com/scottstg/yolo/agent.go:1139.45,1178.2 20 1
github.com/scottstg/yolo/agent.go:1183.49,1185.35 2 1
github.com/scottstg/yolo/agent.go:1185.35,1186.35 1 1
github.com/scottstg/yolo/agent.go:1186.35,1190.15 3 0
github.com/scottstg/yolo/agent.go:1191.24,1192.28 1 0
github.com/scottstg/yolo/agent.go:1193.23,1194.27 1 0
github.com/scottstg/yolo/agent.go:1195.24,1196.28 1 0
github.com/scottstg/yolo/agent.go:1197.28,1198.32 1 0
github.com/scottstg/yolo/agent.go:1200.4,1202.19 3 0
github.com/scottstg/yolo/agent.go:1202.19,1205.5 1 0
github.com/scottstg/yolo/agent.go:1205.10,1207.10 1 0
github.com/scottstg/yolo/agent.go:1211.2,1211.13 1 1
github.com/scottstg/yolo/agent.go:1219.54,1222.27 3 1
github.com/scottstg/yolo/agent.go:1222.27,1223.17 1 1
github.com/scottstg/yolo/agent.go:1223.17,1225.9 2 1
github.com/scottstg/yolo/agent.go:1228.2,1228.12 1 1
github.com/scottstg/yolo/agent.go:1228.12,1230.3 1 0
github.com/scottstg/yolo/agent.go:1231.2,1235.58 5 1
github.com/scottstg/yolo/agent.go:1244.62,1251.20 6 1
github.com/scottstg/yolo/agent.go:1251.20,1253.3 1 0
github.com/scottstg/yolo/agent.go:1254.2,1269.12 5 1
github.com/scottstg/yolo/agent.go:1269.12,1271.22 1 1
github.com/scottstg/yolo/agent.go:1271.22,1273.4 1 0
github.com/scottstg/yolo/agent.go:1274.3,1289.22 6 1
github.com/scottstg/yolo/agent.go:1289.22,1290.30 1 0
github.com/scottstg/yolo/agent.go:1290.30,1292.5 1 0
github.com/scottstg/yolo/agent.go:1295.3,1300.54 4 1
github.com/scottstg/yolo/agent.go:1300.54,1306.18 5 1
github.com/scottstg/yolo/agent.go:1306.18,1309.10 3 0
github.com/scottstg/yolo/agent.go:1312.4,1313.27 2 1
github.com/scottstg/yolo/agent.go:1313.27,1315.93 2 0
github.com/scottstg/yolo/agent.go:1315.93,1317.6 1 0
github.com/scottstg/yolo/agent.go:1318.5,1318.93 1 0
github.com/scottstg/yolo/agent.go:1318.93,1320.6 1 0
github.com/scottstg/yolo/agent.go:1322.4,1324.27 2 1
github.com/scottstg/yolo/agent.go:1324.27,1326.10 2 0
github.com/scottstg/yolo/agent.go:1330.4,1331.33 2 1
github.com/scottstg/yolo/agent.go:1331.33,1339.5 2 1
github.com/scottstg/yolo/agent.go:1340.4,1348.35 3 1
github.com/scottstg/yolo/agent.go:1348.35,1350.20 2 1
github.com/scottstg/yolo/agent.go:1350.20,1352.6 1 0
github.com/scottstg/yolo/agent.go:1354.5,1354.29 1 1
github.com/scottstg/yolo/agent.go:1354.29,1363.14 4 0
github.com/scottstg/yolo/agent.go:1366.5,1368.27 3 1
github.com/scottstg/yolo/agent.go:1368.27,1370.6 1 0
github.com/scottstg/yolo/agent.go:1371.5,1376.27 4 1
github.com/scottstg/yolo/agent.go:1376.27,1378.6 1 0
github.com/scottstg/yolo/agent.go:1379.5,1382.48 3 1
github.com/scottstg/yolo/agent.go:1382.48,1384.6 1 1
github.com/scottstg/yolo/agent.go:1384.11,1386.6 1 0
github.com/scottstg/yolo/agent.go:1388.5,1395.81 3 1
github.com/scottstg/yolo/agent.go:1395.81,1397.6 1 0
github.com/scottstg/yolo/agent.go:1401.3,1401.22 1 0
github.com/scottstg/yolo/agent.go:1401.22,1403.4 1 0
github.com/scottstg/yolo/agent.go:1405.3,1417.22 4 0
github.com/scottstg/yolo/agent.go:1417.22,1419.4 1 0
github.com/scottstg/yolo/agent.go:1422.2,1422.92 1 1
github.com/scottstg/yolo/agent.go:1429.86,1444.12 9 1
github.com/scottstg/yolo/agent.go:1444.12,1449.34 4 1
github.com/scottstg/yolo/agent.go:1449.34,1451.19 2 0
github.com/scottstg/yolo/agent.go:1451.19,1453.5 1 0
github.com/scottstg/yolo/agent.go:1455.4,1457.26 3 0
github.com/scottstg/yolo/agent.go:1457.26,1459.5 1 0
github.com/scottstg/yolo/agent.go:1460.4,1465.26 4 0
github.com/scottstg/yolo/agent.go:1465.26,1467.5 1 0
github.com/scottstg/yolo/agent.go:1468.4,1476.6 4 0
github.com/scottstg/yolo/agent.go:1479.3,1482.16 4 1
github.com/scottstg/yolo/agent.go:1485.2,1485.11 1 1
github.com/scottstg/yolo/agent.go:1491.48,1496.23 4 1
github.com/scottstg/yolo/agent.go:1496.23,1498.3 1 1
github.com/scottstg/yolo/agent.go:1500.2,1502.29 3 0
github.com/scottstg/yolo/agent.go:1502.29,1503.10 1 0
github.com/scottstg/yolo/agent.go:1504.18,1509.33 4 0
github.com/scottstg/yolo/agent.go:1509.33,1512.5 2 0
github.com/scottstg/yolo/agent.go:1513.4,1515.14 3 0
github.com/scottstg/yolo/agent.go:1516.11,1518.37 1 0
github.com/scottstg/yolo/agent.go:1522.2,1526.17 4 0
github.com/scottstg/yolo/agent.go:1532.47,1536.20 4 1
github.com/scottstg/yolo/agent.go:1536.20,1538.3 1 0
github.com/scottstg/yolo/agent.go:1540.2,1540.17 1 1
github.com/scottstg/yolo/agent.go:1541.21,1573.48 32 0
github.com/scottstg/yolo/agent.go:1575.19,1577.50 2 0
github.com/scottstg/yolo/agent.go:1578.13,1579.19 1 0
github.com/scottstg/yolo/agent.go:1579.19,1581.5 1 0
github.com/scottstg/yolo/agent.go:1581.10,1583.5 1 0
github.com/scottstg/yolo/agent.go:1584.14,1585.20 1 0
github.com/scottstg/yolo/agent.go:1585.20,1587.5 1 0
github.com/scottstg/yolo/agent.go:1587.10,1589.5 1 0
github.com/scottstg/yolo/agent.go:1590.11,1592.19 1 0
github.com/scottstg/yolo/agent.go:1592.19,1594.5 1 0
github.com/scottstg/yolo/agent.go:1594.10,1596.5 1 0
github.com/scottstg/yolo/agent.go:1597.11,1598.46 1 0
github.com/scottstg/yolo/agent.go:1601.16,1602.50 1 0
github.com/scottstg/yolo/agent.go:1603.13,1605.91 2 0
github.com/scottstg/yolo/agent.go:1606.14,1608.74 2 0
github.com/scottstg/yolo/agent.go:1609.11,1613.16 3 0
github.com/scottstg/yolo/agent.go:1613.16,1615.5 1 0
github.com/scottstg/yolo/agent.go:1615.10,1617.5 1 0
github.com/scottstg/yolo/agent.go:1618.11,1619.43 1 0
github.com/scottstg/yolo/agent.go:1622.15,1623.50 1 0
github.com/scottstg/yolo/agent.go:1624.13,1626.87 2 0
github.com/scottstg/yolo/agent.go:1627.14,1629.75 2 0
github.com/scottstg/yolo/agent.go:1630.11,1634.16 3 0
github.com/scottstg/yolo/agent.go:1634.16,1636.5 1 0
github.com/scottstg/yolo/agent.go:1636.10,1638.5 1 0
github.com/scottstg/yolo/agent.go:1639.11,1640.42 1 0
github.com/scottstg/yolo/agent.go:1643.16,1644.50 1 0
github.com/scottstg/yolo/agent.go:1645.13,1647.76 2 0
github.com/scottstg/yolo/agent.go:1648.14,1650.77 2 0
github.com/scottstg/yolo/agent.go:1651.11,1655.16 3 0
github.com/scottstg/yolo/agent.go:1655.16,1657.5 1 0
github.com/scottstg/yolo/agent.go:1657.10,1659.5 1 0
github.com/scottstg/yolo/agent.go:1660.11,1661.43 1 0
github.com/scottstg/yolo/agent.go:1664.14,1666.10 2 0
github.com/scottstg/yolo/agent.go:1667.22,1668.33 1 0
github.com/scottstg/yolo/agent.go:1668.33,1670.5 1 0
github.com/scottstg/yolo/agent.go:1670.10,1674.5 3 0
github.com/scottstg/yolo/agent.go:1675.23,1678.80 3 0
github.com/scottstg/yolo/agent.go:1679.26,1681.24 2 0
github.com/scottstg/yolo/agent.go:1681.24,1683.5 1 0
github.com/scottstg/yolo/agent.go:1683.10,1686.30 3 0
github.com/scottstg/yolo/agent.go:1686.30,1688.27 2 0
github.com/scottstg/yolo/agent.go:1688.27,1690.7 1 0
github.com/scottstg/yolo/agent.go:1691.6,1691.76 1 0
github.com/scottstg/yolo/agent.go:1694.20,1699.16 4 0
github.com/scottstg/yolo/agent.go:1699.16,1701.5 1 0
github.com/scottstg/yolo/agent.go:1701.10,1703.5 1 0
github.com/scottstg/yolo/agent.go:1704.45,1706.56 2 0
github.com/scottstg/yolo/agent.go:1706.56,1708.5 1 0
github.com/scottstg/yolo/agent.go:1708.10,1710.5 1 0
github.com/scottstg/yolo/agent.go:1711.28,1713.26 2 0
github.com/scottstg/yolo/agent.go:1713.26,1715.5 1 0
github.com/scottstg/yolo/agent.go:1715.10,1717.32 2 0
github.com/scottstg/yolo/agent.go:1717.32,1719.30 2 0
github.com/scottstg/yolo/agent.go:1719.30,1721.7 1 0
github.com/scottstg/yolo/agent.go:1722.6,1722.55 1 0
github.com/scottstg/yolo/agent.go:1725.11,1726.72 1 0
github.com/scottstg/yolo/agent.go:1729.16,1730.16 1 0
github.com/scottstg/yolo/agent.go:1730.16,1733.4 2 0
github.com/scottstg/yolo/agent.go:1733.9,1735.47 2 0
github.com/scottstg/yolo/agent.go:1735.47,1737.5 1 0
github.com/scottstg/yolo/agent.go:1737.10,1741.5 3 0
github.com/scottstg/yolo/agent.go:1744.17,1745.19 1 0
github.com/scottstg/yolo/agent.go:1747.14,1748.23 1 0
github.com/scottstg/yolo/agent.go:1750.15,1751.16 1 0
github.com/scottstg/yolo/agent.go:1751.16,1755.4 2 0
github.com/scottstg/yolo/agent.go:1755.9,1758.4 1 0
github.com/scottstg/yolo/agent.go:1760.17,1761.26 1 0
github.com/scottstg/yolo/agent.go:1763.14,1764.23 1 0
github.com/scottstg/yolo/agent.go:1766.16,1767.64 1 0
github.com/scottstg/yolo/agent.go:1769.17,1772.28 3 0
github.com/scottstg/yolo/agent.go:1772.28,1774.32 2 0
github.com/scottstg/yolo/agent.go:1774.32,1776.5 1 0
github.com/scottstg/yolo/agent.go:1777.4,1777.53 1 0
github.com/scottstg/yolo/agent.go:1780.17,1781.16 1 0
github.com/scottstg/yolo/agent.go:1781.16,1783.4 1 0
github.com/scottstg/yolo/agent.go:1783.9,1785.4 1 0
github.com/scottstg/yolo/agent.go:1787.18,1791.116 4 0
github.com/scottstg/yolo/agent.go:1793.16,1795.42 2 0
github.com/scottstg/yolo/agent.go:1795.42,1797.4 1 0
github.com/scottstg/yolo/agent.go:1798.3,1798.26 1 0
github.com/scottstg/yolo/agent.go:1798.26,1800.4 1 0
github.com/scottstg/yolo/agent.go:1801.3,1801.67 1 0
github.com/scottstg/yolo/agent.go:1803.18,1804.20 1 0
github.com/scottstg/yolo/agent.go:1806.18,1807.24 1 0
github.com/scottstg/yolo/agent.go:1809.17,1810.16 1 0
github.com/scottstg/yolo/agent.go:1810.16,1814.23 3 0
github.com/scottstg/yolo/agent.go:1814.23,1816.5 1 0
github.com/scottstg/yolo/agent.go:1817.4,1819.27 3 0
github.com/scottstg/yolo/agent.go:1819.27,1821.16 2 0
github.com/scottstg/yolo/agent.go:1821.16,1823.6 1 0
github.com/scottstg/yolo/agent.go:1824.5,1824.53 1 0
github.com/scottstg/yolo/agent.go:1826.9,1829.22 2 0
github.com/scottstg/yolo/agent.go:1829.22,1832.35 2 0
github.com/scottstg/yolo/agent.go:1832.35,1833.17 1 0
github.com/scottstg/yolo/agent.go:1833.17,1835.7 1 0
github.com/scottstg/yolo/agent.go:1836.6,1836.57 1 0
github.com/scottstg/yolo/agent.go:1837.11,1839.6 1 0
github.com/scottstg/yolo/agent.go:1840.10,1841.66 1 0
github.com/scottstg/yolo/agent.go:1841.66,1843.6 1 0
github.com/scottstg/yolo/agent.go:1843.11,1845.6 1 0
github.com/scottstg/yolo/agent.go:1849.15,1850.24 1 0
github.com/scottstg/yolo/agent.go:1852.16,1853.25 1 0
github.com/scottstg/yolo/agent.go:1855.17,1861.64 6 0
github.com/scottstg/yolo/agent.go:1863.18,1864.17 1 0
github.com/scottstg/yolo/agent.go:1864.17,1867.4 2 0
github.com/scottstg/yolo/agent.go:1868.3,1870.13 2 0
github.com/scottstg/yolo/agent.go:1870.13,1873.4 2 0
github.com/scottstg/yolo/agent.go:1874.3,1874.9 1 0
github.com/scottstg/yolo/agent.go:1876.24,1878.9 2 0
github.com/scottstg/yolo/agent.go:1880.10,1881.74 1 1
github.com/scottstg/yolo/agent.go:1886.49,1887.56 1 1
github.com/scottstg/yolo/agent.go:1887.56,1891.3 3 0
github.com/scottstg/yolo/agent.go:1894.2,1897.46 4 1
github.com/scottstg/yolo/agent.go:1897.46,1899.49 2 0
github.com/scottstg/yolo/agent.go:1899.49,1900.43 1 0
github.com/scottstg/yolo/agent.go:1900.43,1902.5 1 0
github.com/scottstg/yolo/agent.go:1904.3,1904.14 1 0
github.com/scottstg/yolo/agent.go:1907.2,1912.20 6 1
github.com/scottstg/yolo/agent.go:1912.20,1914.3 1 1
github.com/scottstg/yolo/agent.go:1918.50,1919.21 1 1
github.com/scottstg/yolo/agent.go:1919.21,1922.3 2 1
github.com/scottstg/yolo/agent.go:1924.2,1925.13 2 0
github.com/scottstg/yolo/agent.go:1926.14,1928.20 2 0
github.com/scottstg/yolo/agent.go:1928.20,1930.4 1 0
github.com/scottstg/yolo/agent.go:1930.9,1933.54 3 0
github.com/scottstg/yolo/agent.go:1933.54,1935.5 1 0
github.com/scottstg/yolo/agent.go:1937.14,1939.22 2 0
github.com/scottstg/yolo/agent.go:1939.22,1941.4 1 0
github.com/scottstg/yolo/agent.go:1941.9,1943.28 2 0
github.com/scottstg/yolo/agent.go:1943.28,1945.5 1 0
github.com/scottstg/yolo/agent.go:1947.15,1949.20 2 0
github.com/scottstg/yolo/agent.go:1949.20,1951.4 1 0
github.com/scottstg/yolo/agent.go:1951.9,1953.54 2 0
github.com/scottstg/yolo/agent.go:1953.54,1954.19 1 0
github.com/scottstg/yolo/agent.go:1954.19,1956.6 1 0
github.com/scottstg/yolo/agent.go:1959.10,1967.47 7 0
github.com/scottstg/yolo/agent.go:1967.47,1969.4 1 0
github.com/scottstg/yolo/agent.go:1970.3,1973.61 4 0
github.com/scottstg/yolo/agent.go:1978.47,1979.18 1 1
github.com/scottstg/yolo/agent.go:1979.18,1982.3 2 1
github.com/scottstg/yolo/agent.go:1984.2,1985.13 2 0
github.com/scottstg/yolo/agent.go:1986.16,1990.39 4 0
github.com/scottstg/yolo/agent.go:1990.39,1992.4 1 0
github.com/scottstg/yolo/agent.go:1992.9,1995.4 2 0
github.com/scottstg/yolo/agent.go:1996.10,1998.43 2 0
github.com/scottstg/yolo/agent.go:1998.43,2002.4 3 0
github.com/scottstg/yolo/agent.go:2002.9,2004.78 2 0
github.com/scottstg/yolo/agent.go:2004.78,2006.5 1 0
github.com/scottstg/yolo/agent.go:2012.37,2013.25 1 1
github.com/scottstg/yolo/agent.go:2013.25,2016.3 2 1
github.com/scottstg/yolo/agent.go:2018.2,2019.38 2 0
github.com/scottstg/yolo/agent.go:2019.38,2022.3 2 0
github.com/scottstg/yolo/agent.go:2024.2,2027.16 3 0
github.com/scottstg/yolo/agent.go:2027.16,2030.3 2 0
github.com/scottstg/yolo/agent.go:2032.2,2033.86 2 0
github.com/scottstg/yolo/agent.go:2037.41,2043.21 4 1
github.com/scottstg/yolo/agent.go:2043.21,2045.19 2 0
github.com/scottstg/yolo/agent.go:2045.19,2047.4 1 0
github.com/scottstg/yolo/agent.go:2050.2,2053.18 4 1
github.com/scottstg/yolo/agent.go:2053.18,2055.3 1 0
github.com/scottstg/yolo/agent.go:2055.8,2057.3 1 1
github.com/scottstg/yolo/agent.go:2059.2,2062.25 3 1
github.com/scottstg/yolo/agent.go:2062.25,2064.19 2 0
github.com/scottstg/yolo/agent.go:2064.19,2067.4 2 0
github.com/scottstg/yolo/agent.go:2072.48,2073.19 1 1
github.com/scottstg/yolo/agent.go:2073.19,2076.3 2 1
github.com/scottstg/yolo/agent.go:2078.2,2079.9 2 0
github.com/scottstg/yolo/agent.go:2080.41,2082.38 2 0
github.com/scottstg/yolo/agent.go:2082.38,2084.4 1 0
github.com/scottstg/yolo/agent.go:2084.9,2086.4 1 0
github.com/scottstg/yolo/agent.go:2087.10,2089.42 2 0
github.com/scottstg/yolo/agent.go:2089.42,2093.4 3 0
github.com/scottstg/yolo/agent.go:2093.9,2095.78 2 0
github.com/scottstg/yolo/agent.go:2095.78,2097.5 1 0
github.com/scottstg/yolo/agent.go:2103.36,2104.40 1 0
github.com/scottstg/yolo/agent.go:2104.40,2106.19 2 0
github.com/scottstg/yolo/agent.go:2106.19,2108.4 1 0
github.com/scottstg/yolo/agent.go:2109.3,2110.9 2 0
github.com/scottstg/yolo/agent.go:2113.2,2120.16 6 0
github.com/scottstg/yolo/agent.go:2120.16,2123.3 2 0
github.com/scottstg/yolo/agent.go:2124.2,2124.16 1 0
github.com/scottstg/yolo/agent.go:2124.16,2127.3 2 0
github.com/scottstg/yolo/agent.go:2129.2,2142.16 9 0
github.com/scottstg/yolo/agent.go:2146.47,2147.18 1 0
github.com/scottstg/yolo/agent.go:2147.18,2150.3 2 0
github.com/scottstg/yolo/agent.go:2152.2,2153.9 2 0
github.com/scottstg/yolo/agent.go:2154.39,2156.38 2 0
github.com/scottstg/yolo/agent.go:2156.38,2159.4 2 0
github.com/scottstg/yolo/agent.go:2159.9,2162.4 2 0
github.com/scottstg/yolo/agent.go:2163.43,2166.17 3 0
github.com/scottstg/yolo/agent.go:2166.17,2169.4 2 0
github.com/scottstg/yolo/agent.go:2170.3,2171.85 2 0
github.com/scottstg/yolo/agent.go:2172.10,2175.77 3 0
github.com/scottstg/yolo/agent.go:2175.77,2177.4 1 0
github.com/scottstg/yolo/agent.go:2178.3,2182.75 5 0
github.com/scottstg/yolo/agent.go:2187.44,2189.51 2 1
github.com/scottstg/yolo/agent.go:2189.51,2190.17 1 1
github.com/scottstg/yolo/agent.go:2190.17,2192.4 1 1
github.com/scottstg/yolo/agent.go:2192.9,2194.4 1 1
github.com/scottstg/yolo/agent.go:2200.34,2201.40 1 1
github.com/scottstg/yolo/agent.go:2201.40,2203.49 1 1
github.com/scottstg/yolo/agent.go:2203.49,2205.4 1 0
github.com/scottstg/yolo/agent.go:2206.3,2206.9 1 1
github.com/scottstg/yolo/agent.go:2210.2,2210.23 1 0
github.com/scottstg/yolo/agent.go:2210.23,2212.3 1 0
github.com/scottstg/yolo/agent.go:2218.48,2219.40 1 1
github.com/scottstg/yolo/agent.go:2219.40,2221.3 1 1
github.com/scottstg/yolo/agent.go:2222.2,2223.29 2 0
github.com/scottstg/yolo/agent.go:2223.29,2224.13 1 0
github.com/scottstg/yolo/agent.go:2224.13,2226.4 1 0
github.com/scottstg/yolo/agent.go:2226.9,2228.4 1 0
github.com/scottstg/yolo/agent.go:2236.39,2237.25 1 0
github.com/scottstg/yolo/agent.go:2237.25,2239.3 1 0
github.com/scottstg/yolo/agent.go:2240.2,2241.21 2 0
github.com/scottstg/yolo/agent.go:2241.21,2242.84 1 0
github.com/scottstg/yolo/agent.go:2242.84,2244.4 1 0
github.com/scottstg/yolo/agent.go:2246.2,2246.78 1 0
github.com/scottstg/yolo/agent.go:2246.78,2248.3 1 0
github.com/scottstg/yolo/agent.go:2251.27,2254.52 2 0
github.com/scottstg/yolo/agent.go:2254.52,2255.53 1 0
github.com/scottstg/yolo/agent.go:2255.53,2258.4 2 0
github.com/scottstg/yolo/agent.go:2259.3,2259.71 1 0
github.com/scottstg/yolo/agent.go:2260.8,2262.3 1 0
github.com/scottstg/yolo/agent.go:2264.2,2268.50 3 0
github.com/scottstg/yolo/agent.go:2268.50,2270.3 1 0
github.com/scottstg/yolo/agent.go:2271.2,2271.57 1 0
github.com/scottstg/yolo/agent.go:2271.57,2273.3 1 0
github.com/scottstg/yolo/agent.go:2275.2,2276.14 2 0
github.com/scottstg/yolo/agent.go:2276.15,2278.3 0 0
github.com/scottstg/yolo/agent.go:2278.8,2280.3 1 0
github.com/scottstg/yolo/agent.go:2284.2,2284.32 1 0
github.com/scottstg/yolo/agent.go:2284.32,2287.3 2 0
github.com/scottstg/yolo/agent.go:2287.8,2289.3 1 0
github.com/scottstg/yolo/agent.go:2290.2,2290.15 1 0
github.com/scottstg/yolo/agent.go:2290.15,2291.22 1 0
github.com/scottstg/yolo/agent.go:2291.22,2294.4 2 0
github.com/scottstg/yolo/agent.go:2295.3,2295.17 1 0
github.com/scottstg/yolo/agent.go:2304.2,2304.16 1 0
github.com/scottstg/yolo/agent.go:2304.16,2306.3 1 0
github.com/scottstg/yolo/agent.go:2311.2,2311.16 1 0
github.com/scottstg/yolo/agent.go:2311.16,2313.20 2 0
github.com/scottstg/yolo/agent.go:2313.20,2315.74 2 0
github.com/scottstg/yolo/agent.go:2315.74,2322.5 1 0
github.com/scottstg/yolo/agent.go:2327.2,2334.12 7 0
github.com/scottstg/yolo/agent.go:2334.12,2335.26 1 0
github.com/scottstg/yolo/agent.go:2335.26,2336.27 1 0
github.com/scottstg/yolo/agent.go:2336.27,2337.24 1 0
github.com/scottstg/yolo/agent.go:2337.24,2339.6 1 0
github.com/scottstg/yolo/agent.go:2340.10,2344.22 4 0
github.com/scottstg/yolo/agent.go:2344.22,2346.6 1 0
github.com/scottstg/yolo/agent.go:2346.11,2349.6 2 0
github.com/scottstg/yolo/agent.go:2354.2,2357.67 2 0
github.com/scottstg/yolo/agent.go:2357.67,2359.3 1 0
github.com/scottstg/yolo/agent.go:2361.2,2361.16 1 0
github.com/scottstg/yolo/agent.go:2361.16,2362.10 1 0
github.com/scottstg/yolo/agent.go:2363.35,2364.16 1 0
github.com/scottstg/yolo/agent.go:2364.16,2366.10 2 0
github.com/scottstg/yolo/agent.go:2369.4,2372.42 3 0
github.com/scottstg/yolo/agent.go:2372.42,2374.5 1 0
github.com/scottstg/yolo/agent.go:2374.10,2374.47 1 0
github.com/scottstg/yolo/agent.go:2374.47,2377.5 2 0
github.com/scottstg/yolo/agent.go:2377.10,2377.29 1 0
github.com/scottstg/yolo/agent.go:2377.29,2393.5 10 0
github.com/scottstg/yolo/agent.go:2395.45,2400.42 4 0
github.com/scottstg/yolo/agent.go:2400.42,2415.5 10 0
github.com/scottstg/yolo/agent.go:2420.2,2420.19 1 0
github.com/scottstg/yolo/agent.go:2420.19,2422.3 1 0
github.com/scottstg/yolo/agent.go:2424.2,2424.41 1 0
github.com/scottstg/yolo/agent.go:2424.41,2426.3 1 0
github.com/scottstg/yolo/agent.go:2427.2,2428.45 2 0
github.com/scottstg/yolo/bufferui.go:34.30,40.2 3 1
github.com/scottstg/yolo/bufferui.go:44.39,48.17 3 1
github.com/scottstg/yolo/bufferui.go:48.17,51.3 2 1
github.com/scottstg/yolo/bufferui.go:53.2,53.23 1 1
github.com/scottstg/yolo/bufferui.go:53.23,55.20 2 1
github.com/scottstg/yolo/bufferui.go:55.20,57.4 1 1
github.com/scottstg/yolo/bufferui.go:58.3,58.9 1 1
github.com/scottstg/yolo/bufferui.go:62.2,63.14 2 0
github.com/scottstg/yolo/bufferui.go:63.14,67.24 4 0
github.com/scottstg/yolo/bufferui.go:67.24,69.4 1 0
github.com/scottstg/yolo/bufferui.go:70.3,70.23 1 0
github.com/scottstg/yolo/bufferui.go:71.8,75.3 2 0
github.com/scottstg/yolo/bufferui.go:80.37,82.22 2 1
github.com/scottstg/yolo/bufferui.go:82.22,85.3 2 0
github.com/scottstg/yolo/bufferui.go:86.2,89.16 3 1
github.com/scottstg/yolo/bufferui.go:89.16,95.3 4 1
github.com/scottstg/yolo/bufferui.go:96.2,99.12 2 0
github.com/scottstg/yolo/bufferui.go:99.12,102.41 3 0
github.com/scottstg/yolo/bufferui.go:102.41,105.4 2 0
github.com/scottstg/yolo/bufferui.go:106.3,106.16 1 0
github.com/scottstg/yolo/bufferui.go:111.50,115.2 3 1
github.com/scottstg/yolo/bufferui.go:118.41,122.2 3 1
github.com/scottstg/yolo/bufferui.go:125.40,129.2 3 1
github.com/scottstg/yolo/bufferui.go:131.39,132.19 1 1
github.com/scottstg/yolo/bufferui.go:132.19,134.3 1 0
github.com/scottstg/yolo/bufferui.go:135.2,136.15 2 1
github.com/scottstg/yolo/bufferui.go:136.15,139.3 2 0
github.com/scottstg/yolo/bufferui.go:140.2,142.29 2 1
github.com/scottstg/yolo/bufferui.go:147.46,148.20 1 1
github.com/scottstg/yolo/bufferui.go:148.20,150.3 1 0
github.com/scottstg/yolo/bufferui.go:153.2,154.73 2 1
github.com/scottstg/yolo/bufferui.go:154.73,156.3 1 0
github.com/scottstg/yolo/bufferui.go:158.2,160.24 2 1
github.com/scottstg/yolo/bufferui.go:160.24,163.3 2 1
github.com/scottstg/yolo/bufferui.go:168.40,173.23 3 1
github.com/scottstg/yolo/bufferui.go:173.23,175.16 2 1
github.com/scottstg/yolo/bufferui.go:175.16,178.4 2 0
github.com/scottstg/yolo/bufferui.go:179.3,179.30 1 1
github.com/scottstg/yolo/bufferui.go:185.34,189.2 3 1
github.com/scottstg/yolo/bufferui.go:195.50,199.20 3 1
github.com/scottstg/yolo/bufferui.go:199.20,201.3 1 1
github.com/scottstg/yolo/bufferui.go:203.2,205.17 3 0
github.com/scottstg/yolo/bufferui.go:205.17,207.3 1 0
github.com/scottstg/yolo/bufferui.go:207.8,209.3 1 0
github.com/scottstg/yolo/bufferui.go:212.2,213.73 2 0
github.com/scottstg/yolo/bufferui.go:213.73,215.3 1 0
github.com/scottstg/yolo/bufferui.go:218.2,219.22 2 0
github.com/scottstg/yolo/bufferui.go:219.22,221.3 1 0
github.com/scottstg/yolo/bufferui.go:222.2,226.27 3 0
github.com/scottstg/yolo/bufferui.go:226.27,229.3 2 0
github.com/scottstg/yolo/bufferui.go:230.2,235.26 3 0
github.com/scottstg/yolo/bufferui.go:235.26,237.3 1 0
github.com/scottstg/yolo/bufferui.go:240.2,240.34 1 0
github.com/scottstg/yolo/bufferui.go:240.34,241.12 1 0
github.com/scottstg/yolo/bufferui.go:241.12,243.4 1 0
github.com/scottstg/yolo/bufferui.go:244.3,244.56 1 0
github.com/scottstg/yolo/bufferui.go:248.2,248.56 1 0
github.com/scottstg/yolo/bufferui.go:248.56,250.3 1 0
github.com/scottstg/yolo/bufferui.go:252.2,252.62 1 0
github.com/scottstg/yolo/bufferui.go:252.62,254.3 1 0
github.com/scottstg/yolo/bufferui.go:256.2,257.24 2 0
github.com/scottstg/yolo/bufferui.go:262.31,265.19 3 1
github.com/scottstg/yolo/bufferui.go:265.19,267.27 1 1
github.com/scottstg/yolo/bufferui.go:267.27,269.4 1 0
github.com/scottstg/yolo/bufferui.go:270.3,272.23 3 1
github.com/scottstg/yolo/bufferui.go:278.34,282.24 3 1
github.com/scottstg/yolo/bufferui.go:282.24,286.3 3 1
github.com/scottstg/yolo/bufferui.go:287.2,290.25 4 1
github.com/scottstg/yolo/bufferui.go:294.34,296.2 1 1
github.com/scottstg/yolo/context.go:71.56,78.2 3 1
github.com/scottstg/yolo/context.go:81.34,85.16 4 1
github.com/scottstg/yolo/context.go:85.16,87.3 1 1
github.com/scottstg/yolo/context.go:88.2,88.32 1 1
github.com/scottstg/yolo/context.go:92.40,96.2 3 0
github.com/scottstg/yolo/context.go:98.46,99.55 1 1
github.com/scottstg/yolo/context.go:99.55,101.3 1 0
github.com/scottstg/yolo/context.go:102.2,103.16 2 1
github.com/scottstg/yolo/context.go:103.16,105.3 1 0
github.com/scottstg/yolo/context.go:106.2,107.55 2 1
github.com/scottstg/yolo/context.go:107.55,109.3 1 0
github.com/scottstg/yolo/context.go:110.2,110.36 1 1
github.com/scottstg/yolo/context.go:114.47,118.2 3 1
github.com/scottstg/yolo/context.go:121.77,125.37 3 1
github.com/scottstg/yolo/context.go:125.37,127.3 1 1
github.com/scottstg/yolo/context.go:128.2,132.17 5 1
github.com/scottstg/yolo/context.go:136.80,139.2 2 1
github.com/scottstg/yolo/context.go:142.46,146.27 3 1
github.com/scottstg/yolo/context.go:146.27,148.3 1 1
github.com/scottstg/yolo/context.go:150.2,153.33 4 1
github.com/scottstg/yolo/context.go:153.33,155.3 1 1
github.com/scottstg/yolo/context.go:156.2,157.20 2 1
github.com/scottstg/yolo/context.go:161.42,166.2 4 1
github.com/scottstg/yolo/context.go:173.54,174.29 1 1
github.com/scottstg/yolo/context.go:174.29,176.3 1 1
github.com/scottstg/yolo/context.go:179.2,182.35 3 1
github.com/scottstg/yolo/context.go:182.35,184.3 1 1
github.com/scottstg/yolo/context.go:185.2,185.42 1 1
github.com/scottstg/yolo/context.go:185.42,187.3 1 1
github.com/scottstg/yolo/context.go:188.2,188.17 1 1
github.com/scottstg/yolo/context.go:196.79,200.27 2 1
github.com/scottstg/yolo/context.go:200.27,203.41 2 1
github.com/scottstg/yolo/context.go:203.41,206.53 2 0
github.com/scottstg/yolo/context.go:206.53,208.5 1 0
github.com/scottstg/yolo/context.go:210.3,211.23 2 1
github.com/scottstg/yolo/context.go:214.2,214.29 1 1
github.com/scottstg/yolo/context.go:214.29,216.20 2 1
github.com/scottstg/yolo/context.go:216.20,217.12 1 0
github.com/scottstg/yolo/context.go:219.3,219.17 1 1
github.com/scottstg/yolo/context.go:220.15,223.51 2 1
github.com/scottstg/yolo/context.go:224.20,227.52 2 1
github.com/scottstg/yolo/context.go:228.15,231.58 2 0
github.com/scottstg/yolo/context.go:232.17,232.17 0 1
github.com/scottstg/yolo/context.go:237.2,238.36 2 1
github.com/scottstg/yolo/context.go:238.36,241.54 2 0
github.com/scottstg/yolo/context.go:241.54,243.4 1 0
github.com/scottstg/yolo/context.go:245.2,245.15 1 1
github.com/scottstg/yolo/context.go:249.45,250.49 1 1
github.com/scottstg/yolo/context.go:250.49,252.3 1 1
github.com/scottstg/yolo/context.go:253.2,253.21 1 1
github.com/scottstg/yolo/context.go:253.21,255.3 1 1
github.com/scottstg/yolo/context.go:256.2,256.10 1 1
github.com/scottstg/yolo/context.go:263.94,269.28 4 1
github.com/scottstg/yolo/context.go:269.28,271.3 1 1
github.com/scottstg/yolo/context.go:274.2,282.19 7 1
github.com/scottstg/yolo/context.go:282.19,284.3 1 0
github.com/scottstg/yolo/context.go:287.2,293.21 5 1
github.com/scottstg/yolo/context.go:293.21,295.3 1 1
github.com/scottstg/yolo/context.go:296.2,299.30 3 1
github.com/scottstg/yolo/cron.go:59.50,66.2 1 1
github.com/scottstg/yolo/cron.go:71.31,75.16 4 1
github.com/scottstg/yolo/cron.go:75.16,77.3 1 1
github.com/scottstg/yolo/cron.go:78.2,82.35 3 1
github.com/scottstg/yolo/cron.go:82.35,83.35 1 1
github.com/scottstg/yolo/cron.go:83.35,84.81 1 1
github.com/scottstg/yolo/cron.go:84.81,86.5 1 1
github.com/scottstg/yolo/cron.go:92.37,96.2 3 0
github.com/scottstg/yolo/cron.go:98.43,99.55 1 1
github.com/scottstg/yolo/cron.go:99.55,101.3 1 0
github.com/scottstg/yolo/cron.go:102.2,103.16 2 1
github.com/scottstg/yolo/cron.go:103.16,105.3 1 0
github.com/scottstg/yolo/cron.go:106.2,107.55 2 1
github.com/scottstg/yolo/cron.go:107.55,109.3 1 0
github.com/scottstg/yolo/cron.go:110.2,110.36 1 1
github.com/scottstg/yolo/cron.go:116.83,118.62 1 1
github.com/scottstg/yolo/cron.go:118.62,120.3 1 1
github.com/scottstg/yolo/cron.go:122.2,128.65 5 1
github.com/scottstg/yolo/cron.go:128.65,130.3 1 1
github.com/scottstg/yolo/cron.go:132.2,143.16 4 1
github.com/scottstg/yolo/cron.go:147.61,151.38 3 1
github.com/scottstg/yolo/cron.go:151.38,152.45 1 1
github.com/scottstg/yolo/cron.go:152.45,156.4 3 1
github.com/scottstg/yolo/cron.go:158.2,158.14 1 1
github.com/scottstg/yolo/cron.go:162.71,166.38 3 1
github.com/scottstg/yolo/cron.go:166.38,167.45 1 1
github.com/scottstg/yolo/cron.go:167.45,169.15 2 1
github.com/scottstg/yolo/cron.go:169.15,170.70 1 1
github.com/scottstg/yolo/cron.go:170.70,172.6 1 1
github.com/scottstg/yolo/cron.go:173.10,175.5 1 1
github.com/scottstg/yolo/cron.go:176.4,177.15 2 1
github.com/scottstg/yolo/cron.go:180.2,180.14 1 1
github.com/scottstg/yolo/cron.go:184.55,191.41 5 1
github.com/scottstg/yolo/cron.go:191.41,192.30 1 1
github.com/scottstg/yolo/cron.go:192.30,194.4 1 0
github.com/scottstg/yolo/cron.go:195.3,195.30 1 1
github.com/scottstg/yolo/cron.go:195.30,197.4 1 0
github.com/scottstg/yolo/cron.go:198.3,198.47 1 1
github.com/scottstg/yolo/cron.go:200.2,200.15 1 1
github.com/scottstg/yolo/cron.go:206.57,209.2 2 1
github.com/scottstg/yolo/cron.go:212.31,213.9 1 1
github.com/scottstg/yolo/cron.go:214.19,214.19 0 1
github.com/scottstg/yolo/cron.go:216.10,217.19 1 1
github.com/scottstg/yolo/cron.go:221.35,225.6 3 1
github.com/scottstg/yolo/cron.go:225.6,226.10 1 1
github.com/scottstg/yolo/cron.go:227.20,228.10 1 1
github.com/scottstg/yolo/cron.go:229.19,230.23 1 0
github.com/scottstg/yolo/cron.go:236.41,241.35 4 1
github.com/scottstg/yolo/cron.go:241.35,243.36 2 1
github.com/scottstg/yolo/cron.go:243.36,244.12 1 0
github.com/scottstg/yolo/cron.go:247.3,248.17 2 1
github.com/scottstg/yolo/cron.go:248.17,249.12 1 0
github.com/scottstg/yolo/cron.go:252.3,252.47 1 1
github.com/scottstg/yolo/cron.go:252.47,258.62 3 1
github.com/scottstg/yolo/cron.go:258.62,260.5 1 1
github.com/scottstg/yolo/cron.go:262.4,262.31 1 1
github.com/scottstg/yolo/cron.go:266.2,266.21 1 1
github.com/scottstg/yolo/cron.go:266.21,268.3 1 1
github.com/scottstg/yolo/cron.go:269.2,272.27 2 1
github.com/scottstg/yolo/cron.go:272.27,273.23 1 1
github.com/scottstg/yolo/cron.go:273.23,275.4 1 1
github.com/scottstg/yolo/cron.go:280.47,284.38 4 1
github.com/scottstg/yolo/cron.go:284.38,285.36 1 1
github.com/scottstg/yolo/cron.go:285.36,286.12 1 0
github.com/scottstg/yolo/cron.go:288.3,289.17 2 1
github.com/scottstg/yolo/cron.go:289.17,290.12 1 0
github.com/scottstg/yolo/cron.go:292.3,292.47 1 1
github.com/scottstg/yolo/cron.go:292.47,294.4 1 1
github.com/scottstg/yolo/cron.go:296.2,296.14 1 1
github.com/scottstg/yolo/cron.go:300.46,302.25 2 1
github.com/scottstg/yolo/cron.go:302.25,304.3 1 1
github.com/scottstg/yolo/cron.go:306.2,307.30 2 1
github.com/scottstg/yolo/cron.go:307.30,309.17 2 1
github.com/scottstg/yolo/cron.go:309.17,311.4 1 0
github.com/scottstg/yolo/cron.go:312.3,314.22 3 1
github.com/scottstg/yolo/cron.go:314.22,315.65 1 1
github.com/scottstg/yolo/cron.go:315.65,317.5 1 1
github.com/scottstg/yolo/cron.go:319.3,319.22 1 1
github.com/scottstg/yolo/cron.go:319.22,320.65 1 0
github.com/scottstg/yolo/cron.go:320.65,322.5 1 0
github.com/scottstg/yolo/cron.go:324.3,325.23 2 1
github.com/scottstg/yolo/cron.go:325.23,327.4 1 0
github.com/scottstg/yolo/cron.go:328.3,328.56 1 1
github.com/scottstg/yolo/cron.go:330.2,330.20 1 1
github.com/scottstg/yolo/cron.go:336.64,338.15 2 1
github.com/scottstg/yolo/cron.go:338.15,340.3 1 1
github.com/scottstg/yolo/cron.go:342.2,346.16 4 1
github.com/scottstg/yolo/cron.go:346.16,348.3 1 1
github.com/scottstg/yolo/cron.go:349.2,349.20 1 1
github.com/scottstg/yolo/cron.go:349.20,351.3 1 1
github.com/scottstg/yolo/cron.go:352.2,352.18 1 1
github.com/scottstg/yolo/cron.go:352.18,354.3 1 1
github.com/scottstg/yolo/cron.go:356.2,357.16 2 1
github.com/scottstg/yolo/cron.go:357.16,359.3 1 0
github.com/scottstg/yolo/cron.go:362.2,363.30 2 1
github.com/scottstg/yolo/cron.go:363.30,364.17 1 1
[...]
github.com/scottstg/yolo/tools_web_enhanced.go:272.72,274.18 2 1
github.com/scottstg/yolo/tools_web_enhanced.go:274.18,276.3 1 1
github.com/scottstg/yolo/tools_web_enhanced.go:277.2,277.85 1 0
github.com/scottstg/yolo/tools_web_enhanced.go:277.85,279.3 1 0
github.com/scottstg/yolo/tools_web_enhanced.go:281.2,285.50 3 0
github.com/scottstg/yolo/tools_web_enhanced.go:285.50,286.46 1 0
github.com/scottstg/yolo/tools_web_enhanced.go:286.46,287.41 1 0
github.com/scottstg/yolo/tools_web_enhanced.go:287.41,289.5 1 0
github.com/scottstg/yolo/tools_web_enhanced.go:291.3,291.31 1 0
github.com/scottstg/yolo/tools_web_enhanced.go:294.2,296.69 1 0
github.com/scottstg/yolo/tools_web_enhanced.go:296.69,297.21 1 0
github.com/scottstg/yolo/tools_web_enhanced.go:297.21,299.5 1 0
github.com/scottstg/yolo/tools_web_enhanced.go:300.4,300.14 1 0
github.com/scottstg/yolo/tools_web_enhanced.go:304.2,305.16 2 0
github.com/scottstg/yolo/tools_web_enhanced.go:305.16,307.3 1 0
github.com/scottstg/yolo/tools_web_enhanced.go:308.2,312.16 4 0
github.com/scottstg/yolo/tools_web_enhanced.go:312.16,314.3 1 0
github.com/scottstg/yolo/tools_web_enhanced.go:315.2,317.53 2 0
github.com/scottstg/yolo/tools_web_enhanced.go:317.53,319.3 1 0
github.com/scottstg/yolo/tools_web_enhanced.go:321.2,323.16 3 0
github.com/scottstg/yolo/tools_web_enhanced.go:323.16,325.3 1 0
github.com/scottstg/yolo/tools_web_enhanced.go:327.2,330.14 3 0
github.com/scottstg/yolo/tools_web_enhanced.go:331.17,332.37 1 0
github.com/scottstg/yolo/tools_web_enhanced.go:333.14,334.26 1 0
github.com/scottstg/yolo/tools_web_enhanced.go:335.10,337.22 2 0
github.com/scottstg/yolo/tools_web_enhanced.go:337.22,340.4 1 0
github.com/scottstg/yolo/tools_web_enhanced.go:343.2,344.16 2 0
github.com/scottstg/yolo/tools_web_enhanced.go:344.16,346.3 1 0
github.com/scottstg/yolo/tools_web_enhanced.go:348.2,349.26 2 0
github.com/scottstg/yolo/tools_web_enhanced.go:349.26,351.3 1 0
github.com/scottstg/yolo/tools_web_enhanced.go:354.2,356.17 3 0
github.com/scottstg/yolo/tools_web_enhanced.go:356.17,358.3 1 0
github.com/scottstg/yolo/tools_web_enhanced.go:358.8,360.3 1 0
github.com/scottstg/yolo/tools_web_enhanced.go:362.2,363.15 2 0
github.com/scottstg/yolo/tools_web_enhanced.go:367.39,370.16 3 1
github.com/scottstg/yolo/tools_web_enhanced.go:370.16,376.3 5 1
github.com/scottstg/yolo/tools_web_enhanced.go:377.2,377.11 1 1
github.com/scottstg/yolo/tools_web_enhanced.go:385.48,403.46 3 1
github.com/scottstg/yolo/tools_web_enhanced.go:403.46,406.3 2 1
github.com/scottstg/yolo/tools_web_enhanced.go:409.2,410.60 2 1
github.com/scottstg/yolo/tools_web_enhanced.go:410.60,412.3 1 1
github.com/scottstg/yolo/tools_web_enhanced.go:416.2,426.28 5 1
github.com/scottstg/yolo/tools_web_enhanced.go:426.28,427.17 1 1
github.com/scottstg/yolo/tools_web_enhanced.go:427.17,428.12 1 0
github.com/scottstg/yolo/tools_web_enhanced.go:430.3,435.31 5 1
github.com/scottstg/yolo/tools_web_enhanced.go:435.31,436.19 1 1
github.com/scottstg/yolo/tools_web_enhanced.go:436.19,439.23 3 1
github.com/scottstg/yolo/tools_web_enhanced.go:439.23,441.6 1 1
github.com/scottstg/yolo/tools_web_enhanced.go:444.3,444.18 1 1
github.com/scottstg/yolo/tools_web_enhanced.go:444.18,446.4 1 1
github.com/scottstg/yolo/tools_web_enhanced.go:449.2,449.22 1 1
github.com/scottstg/yolo/tools_web_enhanced.go:449.22,452.3 1 1
github.com/scottstg/yolo/tools_web_enhanced.go:455.2,455.41 1 1
github.com/scottstg/yolo/tools_web_enhanced.go:455.41,457.3 1 0
github.com/scottstg/yolo/tools_web_enhanced.go:459.2,459.38 1 1
github.com/scottstg/yolo/tools_webpage.go:13.64,15.18 2 0
github.com/scottstg/yolo/tools_webpage.go:15.18,17.3 1 0
github.com/scottstg/yolo/tools_webpage.go:20.2,20.85 1 0
github.com/scottstg/yolo/tools_webpage.go:20.85,22.3 1 0
github.com/scottstg/yolo/tools_webpage.go:25.2,26.50 2 0
github.com/scottstg/yolo/tools_webpage.go:26.50,27.46 1 0
github.com/scottstg/yolo/tools_webpage.go:27.46,28.41 1 0
github.com/scottstg/yolo/tools_webpage.go:28.41,30.5 1 0
github.com/scottstg/yolo/tools_webpage.go:32.3,32.31 1 0
github.com/scottstg/yolo/tools_webpage.go:35.2,37.69 1 0
github.com/scottstg/yolo/tools_webpage.go:37.69,38.21 1 0
github.com/scottstg/yolo/tools_webpage.go:38.21,40.5 1 0
github.com/scottstg/yolo/tools_webpage.go:41.4,41.14 1 0
github.com/scottstg/yolo/tools_webpage.go:45.2,46.16 2 0
github.com/scottstg/yolo/tools_webpage.go:46.16,48.3 1 0
github.com/scottstg/yolo/tools_webpage.go:49.2,53.16 4 0
github.com/scottstg/yolo/tools_webpage.go:53.16,55.3 1 0
github.com/scottstg/yolo/tools_webpage.go:56.2,58.53 2 0
github.com/scottstg/yolo/tools_webpage.go:58.53,60.3 1 0
github.com/scottstg/yolo/tools_webpage.go:63.2,65.16 3 0
github.com/scottstg/yolo/tools_webpage.go:65.16,67.3 1 0
github.com/scottstg/yolo/tools_webpage.go:69.2,73.83 3 0
github.com/scottstg/yolo/tools_webpage.go:73.83,75.3 1 0
github.com/scottstg/yolo/tools_webpage.go:78.2,79.16 2 0
github.com/scottstg/yolo/tools_webpage.go:79.16,81.3 1 0
github.com/scottstg/yolo/tools_webpage.go:84.2,85.26 2 0
github.com/scottstg/yolo/tools_webpage.go:85.26,87.3 1 0
github.com/scottstg/yolo/tools_webpage.go:89.2,97.15 3 0
github.com/scottstg/yolo/tools_webpage.go:101.37,113.57 7 1
github.com/scottstg/yolo/tools_webpage.go:113.57,116.3 2 1
github.com/scottstg/yolo/tools_webpage.go:119.2,119.140 1 1
github.com/scottstg/yolo/tools_webpage.go:119.140,122.3 2 1
github.com/scottstg/yolo/tools_webpage.go:125.2,152.70 8 1
github.com/scottstg/yolo/tools_webpage.go:152.70,154.23 2 0
github.com/scottstg/yolo/tools_webpage.go:154.23,157.35 3 0
github.com/scottstg/yolo/tools_webpage.go:157.35,159.5 1 0
github.com/scottstg/yolo/tools_webpage.go:161.3,161.11 1 0
github.com/scottstg/yolo/tools_webpage.go:165.2,174.29 6 1
github.com/scottstg/yolo/tools_webpage.go:174.29,176.3 1 1
github.com/scottstg/yolo/tools_webpage.go:178.2,178.34 1 1
github.com/scottstg/yolo/tts.go:56.33,57.53 1 1
github.com/scottstg/yolo/tts.go:57.53,59.3 1 0
github.com/scottstg/yolo/tts.go:60.2,60.51 1 1
github.com/scottstg/yolo/tts.go:60.51,62.3 1 1
github.com/scottstg/yolo/tts.go:63.2,63.57 1 0
github.com/scottstg/yolo/tts.go:63.57,65.3 1 0
github.com/scottstg/yolo/tts.go:66.2,66.54 1 0
github.com/scottstg/yolo/tts.go:66.54,68.3 1 0
github.com/scottstg/yolo/tts.go:69.2,69.12 1 0
github.com/scottstg/yolo/tts.go:73.39,75.53 2 1
github.com/scottstg/yolo/tts.go:75.53,77.3 1 0
github.com/scottstg/yolo/tts.go:78.2,78.51 1 1
github.com/scottstg/yolo/tts.go:78.51,80.3 1 1
github.com/scottstg/yolo/tts.go:81.2,81.57 1 1
github.com/scottstg/yolo/tts.go:81.57,83.3 1 0
github.com/scottstg/yolo/tts.go:84.2,84.54 1 1
github.com/scottstg/yolo/tts.go:84.54,86.3 1 0
github.com/scottstg/yolo/tts.go:87.2,87.17 1 1
github.com/scottstg/yolo/tts.go:96.36,96.52 1 1
github.com/scottstg/yolo/tts.go:98.44,98.65 1 1
github.com/scottstg/yolo/tts.go:100.54,103.2 2 0
github.com/scottstg/yolo/tts.go:105.65,107.16 2 0
github.com/scottstg/yolo/tts.go:107.16,109.3 1 0
github.com/scottstg/yolo/tts.go:110.2,111.56 2 0
github.com/scottstg/yolo/tts.go:111.56,113.17 2 0
github.com/scottstg/yolo/tts.go:113.17,114.12 1 0
github.com/scottstg/yolo/tts.go:117.3,118.18 2 0
github.com/scottstg/yolo/tts.go:118.18,119.12 1 0
github.com/scottstg/yolo/tts.go:121.3,123.22 3 0
github.com/scottstg/yolo/tts.go:123.22,124.12 1 0
github.com/scottstg/yolo/tts.go:126.3,128.69 3 0
github.com/scottstg/yolo/tts.go:128.69,129.12 1 0
github.com/scottstg/yolo/tts.go:131.3,131.64 1 0
github.com/scottstg/yolo/tts.go:133.2,133.41 1 0
github.com/scottstg/yolo/tts.go:133.41,135.3 1 0
github.com/scottstg/yolo/tts.go:136.2,136.15 1 0
github.com/scottstg/yolo/tts.go:146.39,147.10 1 1
github.com/scottstg/yolo/tts.go:147.10,149.3 1 1
github.com/scottstg/yolo/tts.go:150.2,150.17 1 1
github.com/scottstg/yolo/tts.go:153.47,153.62 1 1
github.com/scottstg/yolo/tts.go:155.57,158.2 2 0
github.com/scottstg/yolo/tts.go:160.68,162.16 2 0
github.com/scottstg/yolo/tts.go:162.16,164.3 1 0
github.com/scottstg/yolo/tts.go:165.2,166.56 2 0
github.com/scottstg/yolo/tts.go:166.56,167.13 1 0
github.com/scottstg/yolo/tts.go:167.13,168.12 1 0
github.com/scottstg/yolo/tts.go:170.3,172.22 2 0
github.com/scottstg/yolo/tts.go:172.22,173.12 1 0
github.com/scottstg/yolo/tts.go:175.3,177.69 3 0
github.com/scottstg/yolo/tts.go:177.69,178.12 1 0
github.com/scottstg/yolo/tts.go:180.3,180.64 1 0
github.com/scottstg/yolo/tts.go:182.2,182.41 1 0
github.com/scottstg/yolo/tts.go:182.41,184.3 1 0
github.com/scottstg/yolo/tts.go:185.2,185.15 1 0
github.com/scottstg/yolo/tts.go:199.38,199.56 1 1
github.com/scottstg/yolo/tts.go:201.46,201.78 1 1
github.com/scottstg/yolo/tts.go:203.56,207.17 2 0
github.com/scottstg/yolo/tts.go:207.17,209.3 1 0
github.com/scottstg/yolo/tts.go:212.2,214.50 3 0
github.com/scottstg/yolo/tts.go:214.50,215.52 1 0
github.com/scottstg/yolo/tts.go:215.52,218.4 2 0
github.com/scottstg/yolo/tts.go:218.9,218.57 1 0
github.com/scottstg/yolo/tts.go:218.57,221.4 2 0
github.com/scottstg/yolo/tts.go:221.9,223.4 1 0
github.com/scottstg/yolo/tts.go:226.2,232.16 6 0
github.com/scottstg/yolo/tts.go:232.16,234.3 1 0
github.com/scottstg/yolo/tts.go:236.2,236.40 1 0
github.com/scottstg/yolo/tts.go:236.40,238.3 1 0
github.com/scottstg/yolo/tts.go:239.2,239.39 1 0
github.com/scottstg/yolo/tts.go:239.39,242.3 2 0
github.com/scottstg/yolo/tts.go:243.2,243.23 1 0
github.com/scottstg/yolo/tts.go:246.67,256.32 3 1
github.com/scottstg/yolo/tts.go:256.32,258.17 2 1
github.com/scottstg/yolo/tts.go:258.17,259.12 1 1
github.com/scottstg/yolo/tts.go:261.3,261.29 1 0
github.com/scottstg/yolo/tts.go:261.29,263.41 2 0
github.com/scottstg/yolo/tts.go:263.41,264.13 1 0
github.com/scottstg/yolo/tts.go:266.4,270.23 4 0
github.com/scottstg/yolo/tts.go:270.23,272.5 1 0
github.com/scottstg/yolo/tts.go:273.4,273.70 1 0
github.com/scottstg/yolo/tts.go:273.70,274.13 1 0
github.com/scottstg/yolo/tts.go:276.4,279.6 1 0
github.com/scottstg/yolo/tts.go:283.2,283.41 1 1
github.com/scottstg/yolo/tts.go:283.41,285.3 1 0
github.com/scottstg/yolo/tts.go:286.2,286.15 1 1
github.com/scottstg/yolo/tts.go:302.34,305.20 3 1
github.com/scottstg/yolo/tts.go:305.20,307.3 1 1
github.com/scottstg/yolo/tts.go:308.2,315.12 3 1
github.com/scottstg/yolo/tts.go:319.39,320.22 1 0
github.com/scottstg/yolo/tts.go:320.22,322.3 1 0
github.com/scottstg/yolo/tts.go:323.2,323.25 1 0
github.com/scottstg/yolo/tts.go:327.47,331.2 3 0
github.com/scottstg/yolo/tts.go:334.39,338.2 3 0
github.com/scottstg/yolo/tts.go:341.40,345.2 3 0
github.com/scottstg/yolo/tts.go:349.50,350.22 1 0
github.com/scottstg/yolo/tts.go:350.22,352.3 1 0
github.com/scottstg/yolo/tts.go:353.2,357.27 3 0
github.com/scottstg/yolo/tts.go:357.27,358.38 1 0
github.com/scottstg/yolo/tts.go:358.38,363.4 4 0
github.com/scottstg/yolo/tts.go:367.2,368.27 2 0
github.com/scottstg/yolo/tts.go:368.27,369.59 1 0
github.com/scottstg/yolo/tts.go:369.59,371.4 1 0
github.com/scottstg/yolo/tts.go:373.2,373.23 1 0
github.com/scottstg/yolo/tts.go:373.23,378.3 4 0
github.com/scottstg/yolo/tts.go:379.2,379.22 1 0
github.com/scottstg/yolo/tts.go:379.22,381.29 2 0
github.com/scottstg/yolo/tts.go:381.29,383.4 1 0
github.com/scottstg/yolo/tts.go:384.3,384.91 1 0
github.com/scottstg/yolo/tts.go:387.2,387.92 1 0
github.com/scottstg/yolo/tts.go:391.65,392.22 1 0
github.com/scottstg/yolo/tts.go:392.22,394.3 1 0
github.com/scottstg/yolo/tts.go:395.2,395.43 1 0
github.com/scottstg/yolo/tts.go:399.41,406.53 6 0
github.com/scottstg/yolo/tts.go:406.53,408.3 1 0
github.com/scottstg/yolo/tts.go:410.2,411.21 2 0
github.com/scottstg/yolo/tts.go:411.21,413.3 1 0
github.com/scottstg/yolo/tts.go:416.2,416.9 1 0
github.com/scottstg/yolo/tts.go:417.28,417.28 0 0
github.com/scottstg/yolo/tts.go:418.10,418.10 0 0
github.com/scottstg/yolo/tts.go:424.37,425.28 1 1
github.com/scottstg/yolo/tts.go:425.28,432.46 6 0
github.com/scottstg/yolo/tts.go:432.46,434.4 1 0
github.com/scottstg/yolo/tts.go:439.29,442.15 3 0
github.com/scottstg/yolo/tts.go:442.15,445.3 2 0
github.com/scottstg/yolo/tts.go:449.51,452.29 3 1
github.com/scottstg/yolo/tts.go:452.29,454.3 1 1
github.com/scottstg/yolo/tts.go:455.2,455.14 1 1
github.com/scottstg/yolo/tts.go:459.52,461.29 2 1
github.com/scottstg/yolo/tts.go:461.29,462.40 1 1
github.com/scottstg/yolo/tts.go:462.40,468.4 5 0
github.com/scottstg/yolo/tts.go:470.2,471.29 2 1
github.com/scottstg/yolo/tts.go:471.29,473.3 1 1
github.com/scottstg/yolo/tts.go:474.2,474.25 1 1
github.com/scottstg/yolo/tts.go:474.25,476.3 1 0
github.com/scottstg/yolo/tts.go:477.2,477.96 1 1
github.com/scottstg/yolo/tts.go:483.42,494.71 4 1
github.com/scottstg/yolo/tts.go:494.71,496.3 1 0
github.com/scottstg/yolo/tts.go:499.2,521.39 9 1
github.com/scottstg/yolo/tts.go:521.39,522.12 1 1
github.com/scottstg/yolo/tts.go:523.98,524.14 1 0
github.com/scottstg/yolo/tts.go:525.11,526.12 1 1
github.com/scottstg/yolo/tts.go:531.2,532.32 2 1
github.com/scottstg/yolo/victron_backend_macos.go:13.13,15.63 1 1
github.com/scottstg/yolo/victron_backend_macos.go:15.63,17.3 1 1
github.com/scottstg/yolo/yoloconfig.go:53.30,54.45 1 1
github.com/scottstg/yolo/yoloconfig.go:54.45,56.3 1 1
github.com/scottstg/yolo/yoloconfig.go:57.2,57.54 1 1
github.com/scottstg/yolo/yoloconfig.go:57.54,59.3 1 1
github.com/scottstg/yolo/yoloconfig.go:60.2,60.47 1 0
github.com/scottstg/yolo/yoloconfig.go:60.47,62.3 1 0
github.com/scottstg/yolo/yoloconfig.go:63.2,63.16 1 0
github.com/scottstg/yolo/yoloconfig.go:68.34,71.21 3 1
github.com/scottstg/yolo/yoloconfig.go:71.21,73.3 1 1
github.com/scottstg/yolo/yoloconfig.go:74.2,81.3 1 1
github.com/scottstg/yolo/yoloconfig.go:85.42,87.2 1 1
github.com/scottstg/yolo/yoloconfig.go:90.44,92.2 1 1
github.com/scottstg/yolo/yoloconfig.go:95.49,97.2 1 1
github.com/scottstg/yolo/yoloconfig.go:100.46,102.2 1 1
github.com/scottstg/yolo/yoloconfig.go:106.34,111.16 4 0
github.com/scottstg/yolo/yoloconfig.go:111.16,116.3 2 0
github.com/scottstg/yolo/yoloconfig.go:117.2,117.54 1 0
github.com/scottstg/yolo/yoloconfig.go:117.54,120.3 2 0
github.com/scottstg/yolo/yoloconfig.go:121.2,122.13 2 0
github.com/scottstg/yolo/yoloconfig.go:129.35,133.2 3 0
github.com/scottstg/yolo/yoloconfig.go:136.41,139.15 1 1
github.com/scottstg/yolo/yoloconfig.go:139.15,140.61 1 1
github.com/scottstg/yolo/yoloconfig.go:140.61,142.46 2 0
github.com/scottstg/yolo/yoloconfig.go:142.46,145.5 2 0
github.com/scottstg/yolo/yoloconfig.go:147.3,147.18 1 1
github.com/scottstg/yolo/yoloconfig.go:150.2,150.71 1 1
github.com/scottstg/yolo/yoloconfig.go:150.71,152.3 1 0
github.com/scottstg/yolo/yoloconfig.go:153.2,154.16 2 1
github.com/scottstg/yolo/yoloconfig.go:154.16,156.3 1 0
github.com/scottstg/yolo/yoloconfig.go:157.2,158.55 2 1
github.com/scottstg/yolo/yoloconfig.go:158.55,160.3 1 0
github.com/scottstg/yolo/yoloconfig.go:161.2,161.53 1 1
github.com/scottstg/yolo/yoloconfig.go:161.53,163.3 1 0
github.com/scottstg/yolo/yoloconfig.go:164.2,164.12 1 1
github.com/scottstg/yolo/yoloconfig.go:170.54,171.24 1 0
github.com/scottstg/yolo/yoloconfig.go:171.24,173.3 1 0
github.com/scottstg/yolo/yoloconfig.go:174.2,174.25 1 0
github.com/scottstg/yolo/yoloconfig.go:174.25,176.3 1 0
github.com/scottstg/yolo/yoloconfig.go:177.2,177.29 1 0
github.com/scottstg/yolo/yoloconfig.go:177.29,179.3 1 0
github.com/scottstg/yolo/yoloconfig.go:180.2,180.28 1 0
github.com/scottstg/yolo/yoloconfig.go:180.28,182.3 1 0
github.com/scottstg/yolo/yoloconfig.go:183.2,183.29 1 0
github.com/scottstg/yolo/yoloconfig.go:183.29,185.3 1 0
github.com/scottstg/yolo/yoloconfig.go:186.2,186.27 1 0
github.com/scottstg/yolo/yoloconfig.go:186.27,188.3 1 0
github.com/scottstg/yolo/yoloconfig.go:189.2,189.30 1 0
github.com/scottstg/yolo/yoloconfig.go:189.30,191.3 1 0
github.com/scottstg/yolo/yoloconfig.go:192.2,192.28 1 0
github.com/scottstg/yolo/yoloconfig.go:192.28,194.3 1 0
github.com/scottstg/yolo/yoloconfig.go:195.2,195.26 1 0
github.com/scottstg/yolo/yoloconfig.go:195.26,197.3 1 0
github.com/scottstg/yolo/yoloconfig.go:198.2,198.28 1 0
github.com/scottstg/yolo/yoloconfig.go:198.28,200.3 1 0
github.com/scottstg/yolo/yoloconfig.go:201.2,201.28 1 0
github.com/scottstg/yolo/yoloconfig.go:201.28,203.3 1 0
github.com/scottstg/yolo/yoloconfig.go:204.2,204.26 1 0
github.com/scottstg/yolo/yoloconfig.go:204.26,206.3 1 0
github.com/scottstg/yolo/yoloconfig.go:210.40,214.2 3 1
github.com/scottstg/yolo/yoloconfig.go:217.45,222.2 4 1
github.com/scottstg/yolo/yoloconfig.go:225.45,229.2 3 1
github.com/scottstg/yolo/yoloconfig.go:232.52,237.2 4 1
github.com/scottstg/yolo/yoloconfig.go:241.42,244.29 3 0
github.com/scottstg/yolo/yoloconfig.go:244.29,246.3 1 0
github.com/scottstg/yolo/yoloconfig.go:247.2,247.26 1 0
github.com/scottstg/yolo/yoloconfig.go:251.49,256.2 4 0
github.com/scottstg/yolo/yoloconfig.go:260.41,263.28 3 0
github.com/scottstg/yolo/yoloconfig.go:263.28,265.3 1 0
github.com/scottstg/yolo/yoloconfig.go:266.2,266.25 1 0
github.com/scottstg/yolo/yoloconfig.go:270.48,275.2 4 0
github.com/scottstg/yolo/yoloconfig.go:278.42,281.29 3 1
github.com/scottstg/yolo/yoloconfig.go:281.29,283.3 1 1
github.com/scottstg/yolo/yoloconfig.go:284.2,284.26 1 0
github.com/scottstg/yolo/yoloconfig.go:288.49,293.2 4 0
github.com/scottstg/yolo/yoloconfig.go:296.43,300.2 3 0
github.com/scottstg/yolo/yoloconfig.go:303.48,308.2 4 0
github.com/scottstg/yolo/yoloconfig.go:312.44,316.2 3 0
github.com/scottstg/yolo/yoloconfig.go:319.50,324.2 4 0
github.com/scottstg/yolo/yoloconfig.go:327.44,330.28 3 0
github.com/scottstg/yolo/yoloconfig.go:330.28,332.3 1 0
github.com/scottstg/yolo/yoloconfig.go:333.2,333.25 1 0
github.com/scottstg/yolo/yoloconfig.go:337.48,342.2 4 0
github.com/scottstg/yolo/yoloconfig.go:345.42,349.2 3 0
github.com/scottstg/yolo/yoloconfig.go:352.44,357.2 4 0
github.com/scottstg/yolo/yoloconfig.go:360.44,364.2 3 1
github.com/scottstg/yolo/yoloconfig.go:367.48,372.2 4 0
github.com/scottstg/yolo/yoloconfig.go:375.44,378.28 3 0
github.com/scottstg/yolo/yoloconfig.go:378.28,380.3 1 0
github.com/scottstg/yolo/yoloconfig.go:381.2,381.25 1 0
github.com/scottstg/yolo/yoloconfig.go:385.46,390.2 4 0
github.com/scottstg/yolo/yoloconfig.go:393.42,396.26 3 0
github.com/scottstg/yolo/yoloconfig.go:396.26,398.3 1 0
github.com/scottstg/yolo/yoloconfig.go:399.2,399.21 1 0
github.com/scottstg/yolo/yoloconfig.go:403.45,408.2 4 0
github.com/scottstg/yolo/yoloconfig.go:412.57,413.13 1 0
github.com/scottstg/yolo/yoloconfig.go:414.15,415.20 1 0
github.com/scottstg/yolo/yoloconfig.go:416.20,417.24 1 0
github.com/scottstg/yolo/yoloconfig.go:418.18,419.22 1 0
github.com/scottstg/yolo/yoloconfig.go:420.20,421.24 1 0
github.com/scottstg/yolo/yoloconfig.go:422.20,423.24 1 0
github.com/scottstg/yolo/yoloconfig.go:424.18,425.22 1 0
github.com/scottstg/yolo/yoloconfig.go:426.19,427.23 1 0
github.com/scottstg/yolo/yoloconfig.go:428.23,429.38 1 0
github.com/scottstg/yolo/yoloconfig.go:430.20,431.35 1 0
github.com/scottstg/yolo/yoloconfig.go:432.19,433.34 1 0
github.com/scottstg/yolo/yoloconfig.go:434.20,435.35 1 0
github.com/scottstg/yolo/yoloconfig.go:436.21,437.36 1 0
github.com/scottstg/yolo/yoloconfig.go:438.10,439.52 1 0
github.com/scottstg/yolo/yoloconfig.go:441.2,441.12 1 0
github.com/scottstg/yolo/yoloconfig.go:445.49,458.29 4 0
github.com/scottstg/yolo/yoloconfig.go:458.29,460.3 1 0
github.com/scottstg/yolo/yoloconfig.go:460.8,462.3 1 0
github.com/scottstg/yolo/yoloconfig.go:463.2,463.28 1 0
github.com/scottstg/yolo/yoloconfig.go:463.28,465.3 1 0
github.com/scottstg/yolo/yoloconfig.go:465.8,467.3 1 0
github.com/scottstg/yolo/yoloconfig.go:468.2,468.29 1 0
github.com/scottstg/yolo/yoloconfig.go:468.29,470.3 1 0
github.com/scottstg/yolo/yoloconfig.go:470.8,472.3 1 0
github.com/scottstg/yolo/yoloconfig.go:473.2,473.30 1 0
github.com/scottstg/yolo/yoloconfig.go:473.30,475.3 1 0
github.com/scottstg/yolo/yoloconfig.go:475.8,477.3 1 0
github.com/scottstg/yolo/yoloconfig.go:478.2,478.10 1 0
github.com/scottstg/yolo/yoloconfig.go:482.31,483.47 1 0
github.com/scottstg/yolo/yoloconfig.go:484.32,485.14 1 0
github.com/scottstg/yolo/yoloconfig.go:486.10,487.15 1 0
