mode: set
yolo/main.go:48.49,49.34 1 1
yolo/main.go:49.34,51.3 1 1
yolo/main.go:52.2,52.17 1 1
yolo/main.go:70.33,71.21 1 1
yolo/main.go:71.21,73.3 1 0
yolo/main.go:73.8,75.3 1 1
yolo/main.go:78.37,79.21 1 0
yolo/main.go:79.21,81.3 1 0
yolo/main.go:81.8,83.3 1 0
yolo/main.go:93.38,96.2 2 1
yolo/main.go:113.52,114.18 1 1
yolo/main.go:114.18,116.3 1 0
yolo/main.go:118.2,121.29 3 1
yolo/main.go:121.29,122.21 1 1
yolo/main.go:122.21,124.12 2 1
yolo/main.go:127.3,128.22 2 1
yolo/main.go:128.22,130.12 2 0
yolo/main.go:133.3,136.30 3 1
yolo/main.go:136.30,139.22 3 1
yolo/main.go:139.22,141.5 1 1
yolo/main.go:143.4,143.48 1 1
yolo/main.go:143.48,145.30 1 1
yolo/main.go:145.30,150.6 4 1
yolo/main.go:153.5,153.26 1 1
yolo/main.go:153.26,154.22 1 1
yolo/main.go:154.22,159.22 5 1
yolo/main.go:159.22,161.8 1 1
yolo/main.go:163.11,166.6 2 1
yolo/main.go:167.10,169.23 1 1
yolo/main.go:169.23,172.6 2 1
yolo/main.go:173.5,174.26 2 1
yolo/main.go:178.4,178.50 1 1
yolo/main.go:178.50,180.5 1 1
yolo/main.go:184.3,184.100 1 1
yolo/main.go:184.100,186.29 1 1
yolo/main.go:186.29,188.5 1 1
yolo/main.go:189.9,189.104 1 1
yolo/main.go:189.104,191.4 1 1
yolo/main.go:194.2,194.24 1 1
yolo/main.go:197.34,200.16 3 0
yolo/main.go:200.16,203.3 2 0
yolo/main.go:204.2,210.3 1 0
yolo/main.go:214.31,219.56 3 0
yolo/main.go:219.56,222.3 2 0
yolo/main.go:225.2,230.49 6 0
yolo/main.go:233.43,236.2 2 0
yolo/main.go:239.34,244.2 4 0
yolo/main.go:246.60,247.30 1 0
yolo/main.go:247.30,248.13 1 0
yolo/main.go:249.13,252.29 3 0
yolo/main.go:252.29,254.5 1 0
yolo/main.go:255.13,256.17 1 0
yolo/main.go:257.11,259.27 2 0
yolo/main.go:259.27,262.30 3 0
yolo/main.go:262.30,264.6 1 0
yolo/main.go:271.48,288.2 8 0
yolo/main.go:293.54,305.2 7 0
yolo/main.go:308.42,312.2 3 0
yolo/main.go:314.41,325.25 6 0
yolo/main.go:325.25,327.3 1 0
yolo/main.go:330.2,332.37 3 0
yolo/main.go:332.37,334.3 1 0
yolo/main.go:334.8,339.3 3 0
yolo/main.go:342.2,342.76 1 0
yolo/main.go:346.62,352.2 5 0
yolo/main.go:355.37,359.2 3 0
yolo/main.go:362.50,367.2 3 0
yolo/main.go:370.40,374.2 3 0
yolo/main.go:377.37,380.96 3 0
yolo/main.go:380.96,386.3 5 0
yolo/main.go:400.48,407.2 1 1
yolo/main.go:409.27,410.12 1 1
yolo/main.go:410.12,413.7 3 1
yolo/main.go:413.7,414.11 1 1
yolo/main.go:415.18,416.11 1 0
yolo/main.go:417.12,420.24 3 1
yolo/main.go:420.24,422.6 1 0
yolo/main.go:422.11,424.6 1 1
yolo/main.go:425.5,426.39 2 1
yolo/main.go:432.26,437.21 5 1
yolo/main.go:437.21,439.3 1 0
yolo/main.go:439.8,441.3 1 0
yolo/main.go:468.88,481.2 1 1
yolo/main.go:538.52,543.2 1 1
yolo/main.go:553.46,556.16 3 0
yolo/main.go:556.16,558.3 1 0
yolo/main.go:559.2,562.65 3 0
yolo/main.go:562.65,564.3 1 0
yolo/main.go:565.2,566.32 2 0
yolo/main.go:566.32,568.3 1 0
yolo/main.go:569.2,569.15 1 0
yolo/main.go:629.126,636.20 2 1
yolo/main.go:636.20,638.3 1 0
yolo/main.go:640.2,641.16 2 1
yolo/main.go:641.16,643.3 1 0
yolo/main.go:645.2,646.16 2 1
yolo/main.go:646.16,648.3 1 0
yolo/main.go:649.2,652.16 3 1
yolo/main.go:652.16,654.3 1 0
yolo/main.go:655.2,661.29 4 1
yolo/main.go:661.29,662.22 1 0
yolo/main.go:662.22,664.4 1 0
yolo/main.go:664.9,666.4 1 0
yolo/main.go:669.2,678.21 7 1
yolo/main.go:678.21,680.17 2 1
yolo/main.go:680.17,681.12 1 0
yolo/main.go:684.3,685.60 2 1
yolo/main.go:685.60,686.12 1 0
yolo/main.go:689.3,695.78 5 1
yolo/main.go:695.78,699.4 3 0
yolo/main.go:702.3,702.21 1 1
yolo/main.go:702.21,703.19 1 0
yolo/main.go:703.19,706.5 2 0
yolo/main.go:707.4,708.51 2 0
yolo/main.go:712.3,712.20 1 1
yolo/main.go:712.20,713.18 1 0
yolo/main.go:713.18,716.5 2 0
yolo/main.go:717.4,718.48 2 0
yolo/main.go:722.3,722.29 1 1
yolo/main.go:722.29,723.30 1 0
yolo/main.go:723.30,728.5 1 0
yolo/main.go:731.3,731.15 1 1
yolo/main.go:731.15,732.9 1 0
yolo/main.go:737.2,737.21 1 1
yolo/main.go:737.21,740.3 2 1
yolo/main.go:742.2,742.16 1 0
yolo/main.go:742.16,744.3 1 0
yolo/main.go:745.2,747.21 2 0
yolo/main.go:747.21,749.3 1 0
yolo/main.go:751.2,754.23 4 0
yolo/main.go:754.23,756.3 1 0
yolo/main.go:758.2,762.8 1 0
yolo/main.go:778.70,780.2 1 1
yolo/main.go:782.62,784.41 2 1
yolo/main.go:784.41,786.3 1 0
yolo/main.go:787.2,787.18 1 1
yolo/main.go:790.73,791.14 1 0
yolo/main.go:792.19,793.26 1 0
yolo/main.go:794.20,795.27 1 0
yolo/main.go:796.19,797.26 1 0
yolo/main.go:798.20,799.27 1 0
yolo/main.go:800.22,801.29 1 0
yolo/main.go:802.21,803.28 1 0
yolo/main.go:804.24,805.31 1 0
yolo/main.go:806.21,807.24 1 0
yolo/main.go:808.22,809.29 1 0
yolo/main.go:810.15,811.29 1 0
yolo/main.go:812.17,813.25 1 0
yolo/main.go:814.10,815.108 1 0
yolo/main.go:819.69,820.28 1 1
yolo/main.go:820.28,821.26 1 1
yolo/main.go:822.15,823.14 1 1
yolo/main.go:824.11,825.33 1 0
yolo/main.go:828.2,828.17 1 1
yolo/main.go:831.67,832.28 1 1
yolo/main.go:832.28,833.26 1 0
yolo/main.go:834.16,835.19 1 0
yolo/main.go:836.12,837.14 1 0
yolo/main.go:838.15,841.13 3 0
yolo/main.go:841.13,843.5 1 0
yolo/main.go:846.2,846.17 1 1
yolo/main.go:849.37,852.17 2 1
yolo/main.go:852.17,854.3 1 0
yolo/main.go:855.2,856.28 2 1
yolo/main.go:856.28,858.13 2 1
yolo/main.go:858.13,860.4 1 0
yolo/main.go:861.3,861.45 1 1
yolo/main.go:861.45,863.4 1 0
yolo/main.go:865.2,865.15 1 1
yolo/main.go:865.15,867.3 1 0
yolo/main.go:868.2,868.45 1 1
yolo/main.go:871.61,873.16 2 1
yolo/main.go:873.16,875.3 1 0
yolo/main.go:876.2,880.16 4 1
yolo/main.go:880.16,882.3 1 0
yolo/main.go:884.2,885.16 2 1
yolo/main.go:885.16,887.3 1 1
yolo/main.go:889.2,889.24 1 1
yolo/main.go:889.24,891.3 1 0
yolo/main.go:893.2,896.15 4 1
yolo/main.go:896.15,898.3 1 0
yolo/main.go:899.2,900.17 2 1
yolo/main.go:900.17,902.3 1 1
yolo/main.go:904.2,905.31 2 1
yolo/main.go:905.31,907.3 1 1
yolo/main.go:909.2,910.17 2 1
yolo/main.go:910.17,912.3 1 0
yolo/main.go:913.2,913.53 1 1
yolo/main.go:916.62,919.16 3 1
yolo/main.go:919.16,921.3 1 1
yolo/main.go:923.2,924.16 2 1
yolo/main.go:924.16,926.3 1 0
yolo/main.go:928.2,929.48 2 1
yolo/main.go:929.48,931.3 1 0
yolo/main.go:933.2,933.67 1 1
yolo/main.go:933.67,935.3 1 0
yolo/main.go:936.2,936.64 1 1
yolo/main.go:939.61,943.16 4 1
yolo/main.go:943.16,945.3 1 0
yolo/main.go:947.2,948.16 2 1
yolo/main.go:948.16,950.3 1 0
yolo/main.go:952.2,953.16 2 1
yolo/main.go:953.16,955.3 1 0
yolo/main.go:957.2,958.41 2 1
yolo/main.go:958.41,960.3 1 1
yolo/main.go:962.2,963.67 2 1
yolo/main.go:963.67,965.3 1 0
yolo/main.go:966.2,966.39 1 1
yolo/main.go:969.62,976.37 4 1
yolo/main.go:976.37,978.3 1 1
yolo/main.go:978.8,980.3 1 1
yolo/main.go:982.2,982.16 1 1
yolo/main.go:982.16,984.3 1 0
yolo/main.go:986.2,987.28 2 1
yolo/main.go:987.28,990.113 2 1
yolo/main.go:990.113,991.42 1 0
yolo/main.go:991.42,992.13 1 0
yolo/main.go:995.3,996.17 2 1
yolo/main.go:996.17,997.12 1 0
yolo/main.go:999.3,999.19 1 1
yolo/main.go:999.19,1001.4 1 1
yolo/main.go:1001.9,1003.4 1 1
yolo/main.go:1006.2,1007.21 2 1
yolo/main.go:1007.21,1009.3 1 0
yolo/main.go:1011.2,1013.24 3 1
yolo/main.go:1013.24,1015.3 1 0
yolo/main.go:1016.2,1016.50 1 1
yolo/main.go:1020.72,1024.39 2 1
yolo/main.go:1024.39,1027.88 2 1
yolo/main.go:1027.88,1028.18 1 1
yolo/main.go:1028.18,1030.5 1 0
yolo/main.go:1032.4,1033.22 2 1
yolo/main.go:1033.22,1035.5 1 1
yolo/main.go:1037.4,1037.21 1 1
yolo/main.go:1037.21,1041.16 3 1
yolo/main.go:1041.16,1043.6 1 1
yolo/main.go:1045.4,1045.14 1 1
yolo/main.go:1048.3,1048.22 1 1
yolo/main.go:1052.2,1053.21 2 0
yolo/main.go:1053.21,1055.21 2 0
yolo/main.go:1055.21,1057.4 1 0
yolo/main.go:1059.3,1059.86 1 0
yolo/main.go:1059.86,1060.18 1 0
yolo/main.go:1060.18,1062.5 1 0
yolo/main.go:1064.4,1064.21 1 0
yolo/main.go:1064.21,1066.47 2 0
yolo/main.go:1066.47,1068.6 1 0
yolo/main.go:1070.5,1071.82 2 0
yolo/main.go:1071.82,1073.6 1 0
yolo/main.go:1074.5,1074.17 1 0
yolo/main.go:1074.17,1075.79 1 0
yolo/main.go:1075.79,1077.7 1 0
yolo/main.go:1080.5,1080.16 1 0
yolo/main.go:1080.16,1082.6 1 0
yolo/main.go:1084.4,1084.14 1 0
yolo/main.go:1087.3,1087.22 1 0
yolo/main.go:1090.2,1090.57 1 0
yolo/main.go:1093.64,1096.17 3 0
yolo/main.go:1096.17,1098.3 1 0
yolo/main.go:1100.2,1101.16 2 0
yolo/main.go:1101.16,1103.3 1 0
yolo/main.go:1105.2,1106.86 2 0
yolo/main.go:1106.86,1107.17 1 0
yolo/main.go:1107.17,1109.4 1 0
yolo/main.go:1110.3,1110.19 1 0
yolo/main.go:1110.19,1111.73 1 0
yolo/main.go:1111.73,1113.5 1 0
yolo/main.go:1114.4,1114.14 1 0
yolo/main.go:1117.3,1119.24 2 0
yolo/main.go:1119.24,1121.16 2 0
yolo/main.go:1121.16,1123.5 1 0
yolo/main.go:1126.3,1127.17 2 0
yolo/main.go:1127.17,1129.4 1 0
yolo/main.go:1130.3,1134.22 4 0
yolo/main.go:1134.22,1137.28 3 0
yolo/main.go:1137.28,1139.24 2 0
yolo/main.go:1139.24,1141.6 1 0
yolo/main.go:1144.3,1144.13 1 0
yolo/main.go:1147.2,1147.33 1 0
yolo/main.go:1147.34,1149.3 0 0
yolo/main.go:1151.2,1151.20 1 0
yolo/main.go:1151.20,1153.3 1 0
yolo/main.go:1154.2,1154.33 1 0
yolo/main.go:1157.63,1159.19 2 1
yolo/main.go:1159.19,1161.3 1 0
yolo/main.go:1163.2,1170.12 6 1
yolo/main.go:1170.12,1173.50 3 1
yolo/main.go:1173.50,1176.4 2 0
yolo/main.go:1179.2,1179.9 1 1
yolo/main.go:1180.14,1180.14 0 1
yolo/main.go:1182.65,1183.25 1 0
yolo/main.go:1183.25,1185.4 1 0
yolo/main.go:1186.3,1186.71 1 0
yolo/main.go:1189.2,1190.21 2 1
yolo/main.go:1190.21,1192.3 1 1
yolo/main.go:1193.2,1193.21 1 1
yolo/main.go:1193.21,1194.20 1 0
yolo/main.go:1194.20,1196.4 1 0
yolo/main.go:1197.3,1198.20 2 0
yolo/main.go:1200.2,1200.19 1 1
yolo/main.go:1200.19,1201.50 1 0
yolo/main.go:1201.50,1203.4 1 0
yolo/main.go:1206.2,1207.18 2 1
yolo/main.go:1207.18,1209.3 1 0
yolo/main.go:1210.2,1210.15 1 1
yolo/main.go:1213.66,1215.27 1 1
yolo/main.go:1215.27,1217.3 1 1
yolo/main.go:1218.2,1219.25 2 1
yolo/main.go:1219.25,1221.3 1 1
yolo/main.go:1223.2,1229.23 5 1
yolo/main.go:1229.23,1231.3 1 1
yolo/main.go:1232.2,1232.17 1 1
yolo/main.go:1232.17,1234.3 1 1
yolo/main.go:1237.2,1237.20 1 1
yolo/main.go:1237.20,1240.3 2 1
yolo/main.go:1242.2,1242.45 1 0
yolo/main.go:1245.44,1246.20 1 0
yolo/main.go:1246.20,1248.23 2 0
yolo/main.go:1248.23,1250.4 1 0
yolo/main.go:1251.3,1251.36 1 0
yolo/main.go:1253.2,1253.34 1 0
yolo/main.go:1256.64,1258.20 2 0
yolo/main.go:1258.20,1260.3 1 0
yolo/main.go:1261.2,1261.34 1 0
yolo/main.go:1264.60,1267.16 2 0
yolo/main.go:1267.16,1269.3 1 0
yolo/main.go:1272.2,1273.16 2 0
yolo/main.go:1273.16,1275.3 1 0
yolo/main.go:1277.2,1284.16 5 0
yolo/main.go:1284.16,1286.3 1 0
yolo/main.go:1288.2,1295.34 4 0
yolo/main.go:1295.34,1296.25 1 0
yolo/main.go:1296.25,1298.4 1 0
yolo/main.go:1302.2,1302.47 1 0
yolo/main.go:1302.47,1304.3 1 0
yolo/main.go:1308.2,1309.16 2 0
yolo/main.go:1309.16,1311.3 1 0
yolo/main.go:1314.2,1314.27 1 0
yolo/main.go:1343.58,1350.2 1 0
yolo/main.go:1352.57,1358.2 1 0
yolo/main.go:1360.62,1366.2 1 0
yolo/main.go:1368.74,1372.67 3 0
yolo/main.go:1372.67,1375.3 2 0
yolo/main.go:1375.8,1377.3 1 0
yolo/main.go:1380.53,1386.2 1 0
yolo/main.go:1388.40,1393.16 3 0
yolo/main.go:1393.16,1395.3 1 0
yolo/main.go:1397.2,1397.59 1 0
yolo/main.go:1397.59,1399.3 1 0
yolo/main.go:1401.2,1401.17 1 0
yolo/main.go:1405.89,1409.37 3 0
yolo/main.go:1409.37,1410.21 1 0
yolo/main.go:1410.21,1412.4 1 0
yolo/main.go:1413.3,1413.29 1 0
yolo/main.go:1417.2,1421.16 4 0
yolo/main.go:1421.16,1422.21 1 0
yolo/main.go:1422.21,1424.4 1 0
yolo/main.go:1425.3,1425.57 1 0
yolo/main.go:1428.2,1429.56 2 0
yolo/main.go:1429.56,1431.3 1 0
yolo/main.go:1433.2,1435.15 3 0
yolo/main.go:1457.38,1461.2 3 0
yolo/main.go:1490.56,1497.2 3 1
yolo/main.go:1499.46,1509.2 1 1
yolo/main.go:1511.38,1513.16 2 0
yolo/main.go:1513.16,1515.3 1 0
yolo/main.go:1516.2,1516.54 1 0
yolo/main.go:1516.54,1520.3 3 0
yolo/main.go:1521.2,1521.13 1 0
yolo/main.go:1524.33,1530.16 5 0
yolo/main.go:1530.16,1532.3 1 0
yolo/main.go:1533.2,1534.55 2 0
yolo/main.go:1534.55,1536.3 1 0
yolo/main.go:1537.2,1537.31 1 0
yolo/main.go:1540.80,1551.2 5 0
yolo/main.go:1553.67,1562.2 4 0
yolo/main.go:1564.72,1567.25 3 0
yolo/main.go:1567.25,1569.3 1 0
yolo/main.go:1570.2,1573.27 3 0
yolo/main.go:1573.27,1574.17 1 0
yolo/main.go:1575.28,1576.68 1 0
yolo/main.go:1577.15,1578.88 1 0
yolo/main.go:1579.17,1580.82 1 0
yolo/main.go:1583.2,1583.12 1 0
yolo/main.go:1586.44,1588.2 1 1
yolo/main.go:1590.49,1593.2 2 0
yolo/main.go:1613.32,1628.2 5 1
yolo/main.go:1630.46,1658.2 1 0
yolo/main.go:1662.37,1670.22 7 0
yolo/main.go:1670.22,1674.3 3 0
yolo/main.go:1676.2,1677.27 2 0
yolo/main.go:1677.27,1679.3 1 0
yolo/main.go:1680.2,1683.6 3 0
yolo/main.go:1683.6,1688.91 5 0
yolo/main.go:1688.91,1690.12 2 0
yolo/main.go:1692.3,1695.8 4 0
yolo/main.go:1697.2,1697.18 1 0
yolo/main.go:1700.37,1706.2 5 0
yolo/main.go:1708.36,1711.2 2 0
yolo/main.go:1715.72,1717.23 1 0
yolo/main.go:1717.23,1719.3 1 0
yolo/main.go:1721.2,1721.23 1 0
yolo/main.go:1721.23,1723.3 1 0
yolo/main.go:1725.2,1725.16 1 0
yolo/main.go:1725.16,1733.3 1 0
yolo/main.go:1736.2,1752.6 8 0
yolo/main.go:1752.6,1766.17 11 0
yolo/main.go:1766.17,1767.24 1 0
yolo/main.go:1767.24,1770.5 2 0
yolo/main.go:1771.4,1772.10 2 0
yolo/main.go:1775.3,1778.26 2 0
yolo/main.go:1778.26,1780.4 1 0
yolo/main.go:1782.3,1782.26 1 0
yolo/main.go:1782.26,1784.9 2 0
yolo/main.go:1788.3,1789.32 2 0
yolo/main.go:1789.32,1798.4 2 0
yolo/main.go:1799.3,1806.34 2 0
yolo/main.go:1806.34,1809.19 3 0
yolo/main.go:1809.19,1811.5 1 0
yolo/main.go:1813.4,1815.26 3 0
yolo/main.go:1815.26,1817.5 1 0
yolo/main.go:1818.4,1823.26 4 0
yolo/main.go:1823.26,1825.5 1 0
yolo/main.go:1826.4,1830.86 4 0
yolo/main.go:1834.3,1834.55 1 0
yolo/main.go:1834.55,1841.4 1 0
yolo/main.go:1843.3,1843.13 1 0
yolo/main.go:1847.2,1847.22 1 0
yolo/main.go:1847.22,1849.33 2 0
yolo/main.go:1849.33,1851.30 2 0
yolo/main.go:1851.30,1853.5 1 0
yolo/main.go:1854.4,1855.91 2 0
yolo/main.go:1857.3,1857.95 1 0
yolo/main.go:1859.2,1859.21 1 0
yolo/main.go:1859.21,1863.3 2 0
yolo/main.go:1866.70,1871.60 3 0
yolo/main.go:1871.60,1873.64 2 0
yolo/main.go:1873.64,1874.44 1 0
yolo/main.go:1874.44,1876.20 2 0
yolo/main.go:1876.20,1878.6 1 0
yolo/main.go:1879.5,1879.66 1 0
yolo/main.go:1885.2,1885.21 1 0
yolo/main.go:1885.21,1888.61 3 0
yolo/main.go:1888.61,1892.63 4 0
yolo/main.go:1892.63,1894.5 1 0
yolo/main.go:1895.4,1895.65 1 0
yolo/main.go:1900.2,1900.21 1 0
yolo/main.go:1900.21,1903.32 3 0
yolo/main.go:1903.32,1905.4 1 0
yolo/main.go:1906.3,1906.61 1 0
yolo/main.go:1906.61,1908.26 2 0
yolo/main.go:1908.26,1910.67 2 0
yolo/main.go:1910.67,1912.6 1 0
yolo/main.go:1918.2,1918.21 1 0
yolo/main.go:1918.21,1919.39 1 0
yolo/main.go:1919.39,1921.62 2 0
yolo/main.go:1921.62,1924.63 3 0
yolo/main.go:1924.63,1928.65 3 0
yolo/main.go:1928.65,1930.7 1 0
yolo/main.go:1932.5,1932.22 1 0
yolo/main.go:1932.22,1934.6 1 0
yolo/main.go:1939.2,1939.14 1 0
yolo/main.go:1944.54,1947.27 3 0
yolo/main.go:1947.27,1948.17 1 0
yolo/main.go:1948.17,1950.9 2 0
yolo/main.go:1953.2,1953.12 1 0
yolo/main.go:1953.12,1955.3 1 0
yolo/main.go:1956.2,1960.58 5 0
yolo/main.go:1965.62,1972.20 6 1
yolo/main.go:1972.20,1974.3 1 1
yolo/main.go:1975.2,1978.12 3 1
yolo/main.go:1978.12,1991.17 6 1
yolo/main.go:1991.17,1994.4 2 0
yolo/main.go:1996.3,2005.90 3 0
yolo/main.go:2008.2,2008.92 1 1
yolo/main.go:2013.47,2017.20 4 0
yolo/main.go:2017.20,2019.3 1 0
yolo/main.go:2021.2,2021.17 1 0
yolo/main.go:2022.21,2031.48 9 0
yolo/main.go:2033.16,2034.65 1 0
yolo/main.go:2036.17,2039.28 3 0
yolo/main.go:2039.28,2041.33 2 0
yolo/main.go:2041.33,2043.5 1 0
yolo/main.go:2044.4,2044.53 1 0
yolo/main.go:2047.17,2048.16 1 0
yolo/main.go:2048.16,2050.4 1 0
yolo/main.go:2050.9,2052.4 1 0
yolo/main.go:2054.18,2057.77 3 0
yolo/main.go:2059.16,2062.55 3 0
yolo/main.go:2064.17,2072.67 8 0
yolo/main.go:2074.24,2075.20 1 0
yolo/main.go:2077.10,2078.74 1 0
yolo/main.go:2104.54,2113.2 2 0
yolo/main.go:2116.33,2118.16 2 0
yolo/main.go:2118.16,2120.13 1 0
yolo/main.go:2120.13,2122.8 2 0
yolo/main.go:2122.8,2124.19 2 0
yolo/main.go:2124.19,2127.6 2 0
yolo/main.go:2128.5,2128.75 1 0
yolo/main.go:2131.3,2131.9 1 0
yolo/main.go:2133.2,2136.12 2 0
yolo/main.go:2136.12,2138.7 2 0
yolo/main.go:2138.7,2140.18 2 0
yolo/main.go:2140.18,2143.5 2 0
yolo/main.go:2144.4,2144.13 1 0
yolo/main.go:2144.13,2146.5 1 0
yolo/main.go:2151.2,2151.21 1 0
yolo/main.go:2155.32,2156.24 1 0
yolo/main.go:2156.24,2158.3 1 0
yolo/main.go:2163.51,2168.2 4 0
yolo/main.go:2171.41,2178.21 6 0
yolo/main.go:2178.21,2181.3 2 0
yolo/main.go:2181.8,2183.3 1 0
yolo/main.go:2187.44,2191.21 4 0
yolo/main.go:2191.21,2193.3 1 0
yolo/main.go:2193.8,2195.3 1 0
yolo/main.go:2196.2,2196.13 1 0
yolo/main.go:2200.45,2202.2 1 0
yolo/main.go:2204.39,2205.6 1 0
yolo/main.go:2205.6,2206.10 1 0
yolo/main.go:2207.28,2212.11 4 0
yolo/main.go:2213.34,2222.30 8 0
yolo/main.go:2222.30,2224.6 1 0
yolo/main.go:2226.5,2227.48 2 0
yolo/main.go:2228.30,2229.24 1 0
yolo/main.go:2229.24,2231.6 1 0
yolo/main.go:2232.5,2233.23 2 0
yolo/main.go:2234.17,2242.22 7 0
yolo/main.go:2242.22,2244.6 1 0
yolo/main.go:2244.11,2246.6 1 0
yolo/main.go:2247.17,2248.25 1 0
yolo/main.go:2248.25,2251.6 2 0
yolo/main.go:2251.11,2253.6 1 0
yolo/main.go:2254.18,2257.23 3 0
yolo/main.go:2258.18,2259.57 1 0
yolo/main.go:2259.57,2261.6 1 0
yolo/main.go:2262.5,2262.57 1 0
yolo/main.go:2262.57,2264.6 1 0
yolo/main.go:2265.5,2266.23 2 0
yolo/main.go:2267.18,2269.28 2 0
yolo/main.go:2269.28,2270.13 1 0
yolo/main.go:2271.25,2271.25 0 0
yolo/main.go:2272.47,2272.47 0 0
yolo/main.go:2275.12,2276.46 1 0
yolo/main.go:2276.46,2278.6 1 0
yolo/main.go:2279.5,2280.23 2 0
yolo/main.go:2283.20,2285.10 2 0
yolo/main.go:2292.34,2295.2 2 0
yolo/main.go:2297.27,2300.46 2 0
yolo/main.go:2300.46,2302.3 1 0
yolo/main.go:2302.8,2304.3 1 0
yolo/main.go:2306.2,2312.15 5 0
yolo/main.go:2312.15,2315.3 2 0
yolo/main.go:2318.2,2324.12 6 0
yolo/main.go:2324.12,2325.26 1 0
yolo/main.go:2325.26,2326.15 1 0
yolo/main.go:2327.26,2328.24 1 0
yolo/main.go:2328.24,2330.6 1 0
yolo/main.go:2331.24,2335.22 4 0
yolo/main.go:2335.22,2337.6 1 0
yolo/main.go:2337.11,2340.6 2 0
yolo/main.go:2345.2,2347.16 2 0
yolo/main.go:2347.16,2348.10 1 0
yolo/main.go:2349.35,2350.16 1 0
yolo/main.go:2350.16,2352.10 2 0
yolo/main.go:2355.4,2357.42 3 0
yolo/main.go:2357.42,2359.5 1 0
yolo/main.go:2359.10,2359.47 1 0
yolo/main.go:2359.47,2362.5 2 0
yolo/main.go:2362.10,2362.29 1 0
yolo/main.go:2362.29,2379.5 10 0
yolo/main.go:2381.38,2386.16 4 0
yolo/main.go:2386.16,2388.59 2 0
yolo/main.go:2388.59,2406.6 13 0
yolo/main.go:2411.2,2413.45 3 0
yolo/main.go:2417.40,2418.6 1 0
yolo/main.go:2418.6,2419.10 1 0
yolo/main.go:2420.35,2421.16 1 0
yolo/main.go:2421.16,2424.5 2 0
yolo/main.go:2425.4,2427.42 3 0
yolo/main.go:2427.42,2430.5 2 0
yolo/main.go:2430.10,2430.47 1 0
yolo/main.go:2430.47,2432.5 1 0
yolo/main.go:2432.10,2432.29 1 0
yolo/main.go:2432.29,2444.5 8 0
yolo/main.go:2445.11,2446.10 1 0
yolo/main.go:2453.13,2456.2 2 0
