mode: set
yolo/utils/file_ops.go:27.42,37.2 1 1
yolo/utils/file_ops.go:40.59,42.46 2 1
yolo/utils/file_ops.go:42.46,43.76 1 1
yolo/utils/file_ops.go:43.76,45.4 1 1
yolo/utils/file_ops.go:47.2,47.14 1 1
yolo/utils/file_ops.go:51.57,52.22 1 1
yolo/utils/file_ops.go:52.22,54.3 1 1
yolo/utils/file_ops.go:55.2,57.16 3 1
yolo/utils/file_ops.go:57.16,59.3 1 1
yolo/utils/file_ops.go:60.2,60.58 1 1
yolo/utils/file_ops.go:60.58,63.3 1 0
yolo/utils/file_ops.go:64.2,64.12 1 1
yolo/utils/file_ops.go:68.44,70.16 2 1
yolo/utils/file_ops.go:70.16,71.25 1 1
yolo/utils/file_ops.go:71.25,73.4 1 1
yolo/utils/file_ops.go:74.3,74.27 1 1
yolo/utils/file_ops.go:74.27,76.4 1 0
yolo/utils/file_ops.go:77.3,77.52 1 1
yolo/utils/file_ops.go:79.2,79.18 1 1
yolo/utils/file_ops.go:83.50,85.16 2 1
yolo/utils/file_ops.go:85.16,87.3 1 1
yolo/utils/file_ops.go:88.2,88.26 1 1
yolo/utils/file_ops.go:92.66,94.56 1 1
yolo/utils/file_ops.go:94.56,95.48 1 1
yolo/utils/file_ops.go:95.48,97.4 1 1
yolo/utils/file_ops.go:100.2,101.16 2 1
yolo/utils/file_ops.go:101.16,102.27 1 0
yolo/utils/file_ops.go:102.27,104.4 1 0
yolo/utils/file_ops.go:105.3,105.48 1 0
yolo/utils/file_ops.go:107.2,107.12 1 1
yolo/utils/file_ops.go:111.68,113.2 1 1
yolo/utils/file_ops.go:116.35,118.16 2 1
yolo/utils/file_ops.go:118.16,120.3 1 1
yolo/utils/file_ops.go:121.2,121.22 1 1
yolo/utils/file_ops.go:125.36,127.16 2 1
yolo/utils/file_ops.go:127.16,129.3 1 1
yolo/utils/file_ops.go:130.2,130.21 1 1
yolo/utils/file_ops.go:134.35,135.48 1 1
yolo/utils/file_ops.go:135.48,137.3 1 1
yolo/utils/file_ops.go:138.2,138.12 1 1
yolo/utils/file_ops.go:142.36,144.2 1 1
yolo/utils/file_ops.go:147.68,149.34 1 1
yolo/utils/file_ops.go:149.34,151.3 1 1
yolo/utils/file_ops.go:154.2,155.16 2 1
yolo/utils/file_ops.go:155.16,156.25 1 1
yolo/utils/file_ops.go:156.25,158.4 1 1
yolo/utils/file_ops.go:159.3,159.47 1 0
yolo/utils/file_ops.go:163.2,163.18 1 1
yolo/utils/file_ops.go:163.18,165.3 1 1
yolo/utils/file_ops.go:168.2,168.66 1 1
yolo/utils/file_ops.go:168.66,170.3 1 1
yolo/utils/file_ops.go:173.2,173.50 1 1
yolo/utils/file_ops.go:173.51,175.3 0 0
yolo/utils/file_ops.go:177.2,177.40 1 1
yolo/utils/file_ops.go:177.40,178.25 1 0
yolo/utils/file_ops.go:178.25,180.4 1 0
yolo/utils/file_ops.go:181.3,181.49 1 0
yolo/utils/file_ops.go:183.2,183.12 1 1
yolo/utils/file_ops.go:187.38,190.16 2 1
yolo/utils/file_ops.go:190.16,192.3 1 1
yolo/utils/file_ops.go:195.2,195.51 1 1
yolo/utils/file_ops.go:195.51,197.3 1 0
yolo/utils/file_ops.go:199.2,199.12 1 1
yolo/utils/file_ops.go:203.38,205.2 1 1
yolo/utils/file_ops.go:208.70,210.33 1 1
yolo/utils/file_ops.go:210.33,212.3 1 0
yolo/utils/file_ops.go:215.2,215.49 1 1
yolo/utils/file_ops.go:215.50,217.3 0 0
yolo/utils/file_ops.go:219.2,219.43 1 1
yolo/utils/file_ops.go:219.43,221.3 1 1
yolo/utils/file_ops.go:222.2,222.58 1 1
yolo/utils/file_ops.go:222.58,226.3 2 0
yolo/utils/file_ops.go:227.2,227.12 1 1
yolo/utils/file_ops.go:231.46,233.16 2 1
yolo/utils/file_ops.go:233.16,234.25 1 1
yolo/utils/file_ops.go:234.25,236.4 1 1
yolo/utils/file_ops.go:237.3,237.50 1 0
yolo/utils/file_ops.go:239.2,239.25 1 1
yolo/utils/file_ops.go:243.53,245.16 2 1
yolo/utils/file_ops.go:245.16,246.25 1 1
yolo/utils/file_ops.go:246.25,248.4 1 1
yolo/utils/file_ops.go:249.3,249.60 1 0
yolo/utils/file_ops.go:251.2,251.28 1 1
yolo/utils/file_ops.go:255.50,257.16 2 1
yolo/utils/file_ops.go:257.16,258.25 1 1
yolo/utils/file_ops.go:258.25,260.4 1 1
yolo/utils/file_ops.go:261.3,261.55 1 1
yolo/utils/file_ops.go:263.2,263.21 1 1
yolo/utils/file_ops.go:267.47,269.16 2 1
yolo/utils/file_ops.go:269.16,271.3 1 1
yolo/utils/file_ops.go:273.2,274.32 2 1
yolo/utils/file_ops.go:274.32,275.21 1 1
yolo/utils/file_ops.go:275.21,277.4 1 1
yolo/utils/file_ops.go:279.2,279.19 1 1
